<?xml version="1.0" encoding="UTF-8"?>
<robot generator="Robot 4.1.3 (Python 3.9.7 on win32)" generated="20220324 07:06:08.949" rpa="false" schemaversion="2">
<suite id="s1" name="Explore Podcast" source="c:\Users\ACT\Documents\Globo - WEB\web-tests-globoplay\scenarios\Explore_Podcast.robot">
<kw name="Before Suite" library="environment" type="SETUP">
<kw name="Create Directory" library="OperatingSystem">
<arg>${path_screenshots}/${SUITE NAME}</arg>
<doc>Creates the specified directory.</doc>
<msg timestamp="20220324 07:06:10.063" level="INFO" html="true">Directory '&lt;a href="file://C:\Users\ACT\Documents\Globo - WEB\screenshots\Explore Podcast"&gt;C:\Users\ACT\Documents\Globo - WEB\screenshots\Explore Podcast&lt;/a&gt;' already exists.</msg>
<status status="PASS" starttime="20220324 07:06:10.061" endtime="20220324 07:06:10.065"/>
</kw>
<kw name="Empty Directory" library="OperatingSystem">
<arg>${path_screenshots}/${SUITE NAME}</arg>
<doc>Deletes all the content from the given directory.</doc>
<msg timestamp="20220324 07:06:10.067" level="INFO" html="true">Listing contents of directory '&lt;a href="file://C:\Users\ACT\Documents\Globo - WEB\screenshots\Explore Podcast"&gt;C:\Users\ACT\Documents\Globo - WEB\screenshots\Explore Podcast&lt;/a&gt;'.</msg>
<msg timestamp="20220324 07:06:10.068" level="INFO" html="true">Emptied directory '&lt;a href="file://C:\Users\ACT\Documents\Globo - WEB\screenshots\Explore Podcast"&gt;C:\Users\ACT\Documents\Globo - WEB\screenshots\Explore Podcast&lt;/a&gt;'.</msg>
<status status="PASS" starttime="20220324 07:06:10.065" endtime="20220324 07:06:10.069"/>
</kw>
<kw name="Remove Files" library="OperatingSystem">
<arg>${EXECDIR}/geckodriver-*.log</arg>
<doc>Uses `Remove File` to remove multiple files one-by-one.</doc>
<msg timestamp="20220324 07:06:10.073" level="INFO" html="true">Removed file '&lt;a href="file://C:\Users\ACT\Documents\Globo - WEB\geckodriver-1.log"&gt;C:\Users\ACT\Documents\Globo - WEB\geckodriver-1.log&lt;/a&gt;'.</msg>
<status status="PASS" starttime="20220324 07:06:10.069" endtime="20220324 07:06:10.074"/>
</kw>
<status status="PASS" starttime="20220324 07:06:10.059" endtime="20220324 07:06:10.075"/>
</kw>
<test id="s1-t1" name="Acessar podcasts Original Globoplay acessando opção À Mão Armada">
<kw name="Before Scenario" library="environment" type="SETUP">
<kw name="Open Browser" library="SeleniumLibrary">
<arg>${url}</arg>
<arg>firefox</arg>
<arg>options=${browserOptions_firefox}</arg>
<doc>Opens a new browser instance to the optional ``url``.</doc>
<msg timestamp="20220324 07:06:10.082" level="INFO">Opening browser 'firefox' to base url 'https://globoplay.globo.com/'.</msg>
<msg timestamp="20220324 07:06:10.103" level="INFO">Firefox driver log is always forced to to: C:\Users\ACT\Documents\Globo - WEB\geckodriver-1.log</msg>
<status status="PASS" starttime="20220324 07:06:10.080" endtime="20220324 07:06:19.400"/>
</kw>
<for flavor="IN">
<var>${x}</var>
<value>2</value>
<iter>
<var name="${x}">2</var>
<kw name="Run Keyword And Ignore Error" library="BuiltIn">
<var>${condition_prosseguir_button}</var>
<arg>Wait until element is visible</arg>
<arg>${LGPD.btnProsseguir}</arg>
<arg>20s</arg>
<doc>Runs the given keyword with the given arguments and ignores possible error.</doc>
<kw name="Wait Until Element Is Visible" library="SeleniumLibrary">
<arg>${LGPD.btnProsseguir}</arg>
<arg>20s</arg>
<doc>Waits until the element ``locator`` is visible.</doc>
<msg timestamp="20220324 07:06:19.423" level="FAIL">Resolving variable '${LGPD.btnProsseguir}' failed: Variable '${LGPD}' not found.</msg>
<status status="FAIL" starttime="20220324 07:06:19.404" endtime="20220324 07:06:19.423"/>
</kw>
<msg timestamp="20220324 07:06:19.424" level="INFO">${condition_prosseguir_button} = ('FAIL', "Resolving variable '${LGPD.btnProsseguir}' failed: Variable '${LGPD}' not found.")</msg>
<status status="PASS" starttime="20220324 07:06:19.403" endtime="20220324 07:06:19.424"/>
</kw>
<kw name="Run Keyword If" library="BuiltIn">
<arg>'${condition_prosseguir_button[0]}' == 'PASS'</arg>
<arg>Run Keywords</arg>
<arg>Click element</arg>
<arg>${LGPD.btnProsseguir}</arg>
<arg>AND</arg>
<arg>EXIT FOR LOOP</arg>
<arg>ELSE</arg>
<arg>Go To</arg>
<arg>${url}</arg>
<doc>Runs the given keyword with the given arguments, if ``condition`` is true.</doc>
<kw name="Go To" library="SeleniumLibrary">
<arg>${url}</arg>
<doc>Navigates the current browser window to the provided ``url``.</doc>
<msg timestamp="20220324 07:06:19.434" level="INFO">Opening url 'https://globoplay.globo.com/'</msg>
<status status="PASS" starttime="20220324 07:06:19.433" endtime="20220324 07:06:20.808"/>
</kw>
<status status="PASS" starttime="20220324 07:06:19.426" endtime="20220324 07:06:20.810"/>
</kw>
<status status="PASS" starttime="20220324 07:06:19.402" endtime="20220324 07:06:20.813"/>
</iter>
<status status="PASS" starttime="20220324 07:06:19.401" endtime="20220324 07:06:20.814"/>
</for>
<kw name="Wait Until Element Is Visible" library="SeleniumLibrary">
<arg>${pageHome.btnMenuHome}</arg>
<arg>20s</arg>
<doc>Waits until the element ``locator`` is visible.</doc>
<status status="PASS" starttime="20220324 07:06:20.816" endtime="20220324 07:06:20.939"/>
</kw>
<status status="PASS" starttime="20220324 07:06:10.078" endtime="20220324 07:06:20.940"/>
</kw>
<kw name="Dado que sou um usuário anônimo" library="BDDptbr" sourcename="Dado ${keyword}">
<kw name="Run Keyword" library="BuiltIn">
<arg>${keyword}</arg>
<doc>Executes the given keyword with the given arguments.</doc>
<kw name="que sou um usuário anônimo" library="keywords">
<kw name="Log" library="BuiltIn">
<arg>Verifica acesso Globoplay</arg>
<doc>Logs the given message with the given level.</doc>
<msg timestamp="20220324 07:06:20.954" level="INFO">Verifica acesso Globoplay</msg>
<status status="PASS" starttime="20220324 07:06:20.953" endtime="20220324 07:06:20.954"/>
</kw>
<kw name="Wait Until Element Is Visible" library="SeleniumLibrary">
<arg>${pageHome.btnMenuHome}</arg>
<doc>Waits until the element ``locator`` is visible.</doc>
<status status="PASS" starttime="20220324 07:06:20.955" endtime="20220324 07:06:22.203"/>
</kw>
<status status="PASS" starttime="20220324 07:06:20.951" endtime="20220324 07:06:22.204"/>
</kw>
<status status="PASS" starttime="20220324 07:06:20.947" endtime="20220324 07:06:22.205"/>
</kw>
<status status="PASS" starttime="20220324 07:06:20.943" endtime="20220324 07:06:22.206"/>
</kw>
<kw name="E que estou na home" library="BDDptbr" sourcename="E ${keyword}">
<kw name="Run Keyword" library="BuiltIn">
<arg>${keyword}</arg>
<doc>Executes the given keyword with the given arguments.</doc>
<kw name="que estou na home" library="keywords">
<kw name="Log To Console" library="BuiltIn">
<arg>Verifica página home</arg>
<doc>Logs the given message to the console.</doc>
<status status="PASS" starttime="20220324 07:06:22.216" endtime="20220324 07:06:22.218"/>
</kw>
<kw name="Run Keyword If" library="BuiltIn">
<arg>'${url}' == 'https://globoplay.globo.com/'</arg>
<arg>Log To Console</arg>
<arg>Redirecionado para a página de Home</arg>
<arg>ELSE</arg>
<arg>Log To Console</arg>
<arg>&lt;Não redirecinado para a página de Home&gt; RETORNA URL: '${url}'</arg>
<doc>Runs the given keyword with the given arguments, if ``condition`` is true.</doc>
<kw name="Log To Console" library="BuiltIn">
<arg>Redirecionado para a página de Home</arg>
<doc>Logs the given message to the console.</doc>
<status status="PASS" starttime="20220324 07:06:22.220" endtime="20220324 07:06:22.221"/>
</kw>
<status status="PASS" starttime="20220324 07:06:22.219" endtime="20220324 07:06:22.222"/>
</kw>
<kw name="Wait Until Element Is Visible" library="SeleniumLibrary">
<arg>${pageHome.btnMenuHome}</arg>
<arg>20s</arg>
<doc>Waits until the element ``locator`` is visible.</doc>
<status status="PASS" starttime="20220324 07:06:22.223" endtime="20220324 07:06:22.687"/>
</kw>
<status status="PASS" starttime="20220324 07:06:22.214" endtime="20220324 07:06:22.689"/>
</kw>
<status status="PASS" starttime="20220324 07:06:22.212" endtime="20220324 07:06:22.689"/>
</kw>
<status status="PASS" starttime="20220324 07:06:22.210" endtime="20220324 07:06:22.690"/>
</kw>
<kw name="Quando seleciona o menu Explore" library="BDDptbr" sourcename="Quando ${keyword}">
<kw name="Run Keyword" library="BuiltIn">
<arg>${keyword}</arg>
<doc>Executes the given keyword with the given arguments.</doc>
<kw name="seleciona o menu Explore" library="keywords">
<kw name="Log To Console" library="BuiltIn">
<arg>Seleciona botão Explore</arg>
<doc>Logs the given message to the console.</doc>
<status status="PASS" starttime="20220324 07:06:22.700" endtime="20220324 07:06:22.702"/>
</kw>
<kw name="Click Element" library="SeleniumLibrary">
<arg>${podcasts.explore}</arg>
<doc>Click the element identified by ``locator``.</doc>
<msg timestamp="20220324 07:06:22.709" level="INFO">Clicking element 'CSS:nav.header__items&gt;a:nth-last-of-type(1)'.</msg>
<status status="PASS" starttime="20220324 07:06:22.703" endtime="20220324 07:06:23.963"/>
</kw>
<status status="PASS" starttime="20220324 07:06:22.698" endtime="20220324 07:06:23.964"/>
</kw>
<status status="PASS" starttime="20220324 07:06:22.695" endtime="20220324 07:06:23.965"/>
</kw>
<status status="PASS" starttime="20220324 07:06:22.692" endtime="20220324 07:06:23.966"/>
</kw>
<kw name="E direciona para a página do Explore" library="BDDptbr" sourcename="E ${keyword}">
<kw name="Run Keyword" library="BuiltIn">
<arg>${keyword}</arg>
<doc>Executes the given keyword with the given arguments.</doc>
<kw name="direciona para a página do Explore" library="keywords">
<kw name="Log To Console" library="BuiltIn">
<arg>Valida página explore</arg>
<doc>Logs the given message to the console.</doc>
<status status="PASS" starttime="20220324 07:06:23.976" endtime="20220324 07:06:23.977"/>
</kw>
<kw name="Run Keyword If" library="BuiltIn">
<arg>'${url_explore}' == 'https://globoplay.globo.com/categorias/'</arg>
<arg>Log To Console</arg>
<arg>Redirecionado para a página de Explore</arg>
<arg>ELSE</arg>
<arg>Log To Console</arg>
<arg>&lt;Não redirecinado para a página de Explore&gt; RETORNA URL: '${url_explore}'</arg>
<doc>Runs the given keyword with the given arguments, if ``condition`` is true.</doc>
<kw name="Log To Console" library="BuiltIn">
<arg>Redirecionado para a página de Explore</arg>
<doc>Logs the given message to the console.</doc>
<status status="PASS" starttime="20220324 07:06:23.980" endtime="20220324 07:06:23.982"/>
</kw>
<status status="PASS" starttime="20220324 07:06:23.978" endtime="20220324 07:06:23.983"/>
</kw>
<kw name="Wait Until Element Is Visible" library="SeleniumLibrary">
<arg>${pageExplore.categorias_lista}</arg>
<arg>20s</arg>
<doc>Waits until the element ``locator`` is visible.</doc>
<status status="PASS" starttime="20220324 07:06:23.984" endtime="20220324 07:06:24.072"/>
</kw>
<kw name="Click Element" library="SeleniumLibrary">
<arg>${podcasts.explore}</arg>
<doc>Click the element identified by ``locator``.</doc>
<msg timestamp="20220324 07:06:24.087" level="INFO">Clicking element 'CSS:nav.header__items&gt;a:nth-last-of-type(1)'.</msg>
<status status="PASS" starttime="20220324 07:06:24.080" endtime="20220324 07:06:24.466"/>
</kw>
<status status="PASS" starttime="20220324 07:06:23.972" endtime="20220324 07:06:24.468"/>
</kw>
<status status="PASS" starttime="20220324 07:06:23.970" endtime="20220324 07:06:24.469"/>
</kw>
<status status="PASS" starttime="20220324 07:06:23.967" endtime="20220324 07:06:24.470"/>
</kw>
<kw name="Quando seleciona a aba &quot;Podcasts&quot;" library="BDDptbr" sourcename="Quando ${keyword}">
<kw name="Run Keyword" library="BuiltIn">
<arg>${keyword}</arg>
<doc>Executes the given keyword with the given arguments.</doc>
<kw name="seleciona a aba &quot;Podcasts&quot;" library="keywords">
<kw name="Log To Console" library="BuiltIn">
<arg>Valida aba Podcasts</arg>
<doc>Logs the given message to the console.</doc>
<status status="PASS" starttime="20220324 07:06:24.481" endtime="20220324 07:06:24.482"/>
</kw>
<kw name="Wait Until Element Is Visible" library="SeleniumLibrary">
<arg>${podcasts.pod}</arg>
<arg>20s</arg>
<doc>Waits until the element ``locator`` is visible.</doc>
<status status="PASS" starttime="20220324 07:06:24.483" endtime="20220324 07:06:24.548"/>
</kw>
<kw name="Click Element" library="SeleniumLibrary">
<arg>${podcasts.pod}</arg>
<doc>Click the element identified by ``locator``.</doc>
<msg timestamp="20220324 07:06:24.553" level="INFO">Clicking element 'CSS:nav.categories-navigation&gt;a:nth-last-of-type(2)'.</msg>
<status status="PASS" starttime="20220324 07:06:24.549" endtime="20220324 07:06:24.882"/>
</kw>
<status status="PASS" starttime="20220324 07:06:24.478" endtime="20220324 07:06:24.883"/>
</kw>
<status status="PASS" starttime="20220324 07:06:24.476" endtime="20220324 07:06:24.883"/>
</kw>
<status status="PASS" starttime="20220324 07:06:24.472" endtime="20220324 07:06:24.884"/>
</kw>
<kw name="E apresenta as opções disponiveis do podcasts" library="BDDptbr" sourcename="E ${keyword}">
<kw name="Run Keyword" library="BuiltIn">
<arg>${keyword}</arg>
<doc>Executes the given keyword with the given arguments.</doc>
<kw name="apresenta as opções disponiveis do podcasts" library="keywords">
<kw name="Log To Console" library="BuiltIn">
<arg>Valida página de Podcasts</arg>
<doc>Logs the given message to the console.</doc>
<status status="PASS" starttime="20220324 07:06:24.894" endtime="20220324 07:06:24.895"/>
</kw>
<kw name="Run Keyword If" library="BuiltIn">
<arg>'${url_pod}' == 'https://globoplay.globo.com/podcasts/'</arg>
<arg>Log To Console</arg>
<arg>Redirecionado para a página de Podcasts</arg>
<arg>ELSE</arg>
<arg>Log To Console</arg>
<arg>&lt;Não redirecinado para a página de Podcasts&gt; RETORNA URL: '${url_pod}'</arg>
<doc>Runs the given keyword with the given arguments, if ``condition`` is true.</doc>
<kw name="Log To Console" library="BuiltIn">
<arg>Redirecionado para a página de Podcasts</arg>
<doc>Logs the given message to the console.</doc>
<status status="PASS" starttime="20220324 07:06:24.898" endtime="20220324 07:06:24.899"/>
</kw>
<status status="PASS" starttime="20220324 07:06:24.896" endtime="20220324 07:06:24.900"/>
</kw>
<kw name="Wait Until Element Is Visible" library="SeleniumLibrary">
<arg>${podcasts.lista}</arg>
<arg>20s</arg>
<doc>Waits until the element ``locator`` is visible.</doc>
<status status="PASS" starttime="20220324 07:06:24.900" endtime="20220324 07:06:24.932"/>
</kw>
<status status="PASS" starttime="20220324 07:06:24.889" endtime="20220324 07:06:24.933"/>
</kw>
<status status="PASS" starttime="20220324 07:06:24.887" endtime="20220324 07:06:24.934"/>
</kw>
<status status="PASS" starttime="20220324 07:06:24.885" endtime="20220324 07:06:24.934"/>
</kw>
<kw name="Quando seleciona opção &quot;Original Globoplay&quot;" library="BDDptbr" sourcename="Quando ${keyword}">
<kw name="Run Keyword" library="BuiltIn">
<arg>${keyword}</arg>
<doc>Executes the given keyword with the given arguments.</doc>
<kw name="seleciona opção &quot;Original Globoplay&quot;" library="keywords">
<kw name="Log To Console" library="BuiltIn">
<arg>Valida opção "Original Globoplay"</arg>
<doc>Logs the given message to the console.</doc>
<status status="PASS" starttime="20220324 07:06:24.942" endtime="20220324 07:06:24.943"/>
</kw>
<kw name="Wait Until Element Is Visible" library="SeleniumLibrary">
<arg>${podcasts.originais_globoplay}</arg>
<arg>20s</arg>
<doc>Waits until the element ``locator`` is visible.</doc>
<status status="PASS" starttime="20220324 07:06:24.944" endtime="20220324 07:06:25.000"/>
</kw>
<kw name="Click Element" library="SeleniumLibrary">
<arg>${podcasts.originais_globoplay}</arg>
<doc>Click the element identified by ``locator``.</doc>
<msg timestamp="20220324 07:06:25.009" level="INFO">Clicking element 'CSS:a[title="Originais Globoplay"]'.</msg>
<status status="PASS" starttime="20220324 07:06:25.001" endtime="20220324 07:06:25.265"/>
</kw>
<status status="PASS" starttime="20220324 07:06:24.940" endtime="20220324 07:06:25.266"/>
</kw>
<status status="PASS" starttime="20220324 07:06:24.938" endtime="20220324 07:06:25.266"/>
</kw>
<status status="PASS" starttime="20220324 07:06:24.936" endtime="20220324 07:06:25.267"/>
</kw>
<kw name="E apresenta opções disponiveis do Original Globoplay" library="BDDptbr" sourcename="E ${keyword}">
<kw name="Run Keyword" library="BuiltIn">
<arg>${keyword}</arg>
<doc>Executes the given keyword with the given arguments.</doc>
<kw name="apresenta opções disponiveis do Original Globoplay" library="keywords">
<kw name="Log To Console" library="BuiltIn">
<arg>Valida página do Podcast "Original Globoplay"</arg>
<doc>Logs the given message to the console.</doc>
<status status="PASS" starttime="20220324 07:06:25.274" endtime="20220324 07:06:25.275"/>
</kw>
<kw name="Run Keyword If" library="BuiltIn">
<arg>'${url_originais}' == 'https://globoplay.globo.com/podcasts/categorias/podcasts-originais-globoplay/'</arg>
<arg>Log To Console</arg>
<arg>Redirecionado para a página de Podcasts "Original Globoplay"</arg>
<arg>ELSE</arg>
<arg>Log To Console</arg>
<arg>&lt;Não redirecinado para a página de Podcast "Original Globoplay"&gt; RETORNA URL: '${url_originais}'</arg>
<doc>Runs the given keyword with the given arguments, if ``condition`` is true.</doc>
<kw name="Log To Console" library="BuiltIn">
<arg>Redirecionado para a página de Podcasts "Original Globoplay"</arg>
<doc>Logs the given message to the console.</doc>
<status status="PASS" starttime="20220324 07:06:25.278" endtime="20220324 07:06:25.279"/>
</kw>
<status status="PASS" starttime="20220324 07:06:25.276" endtime="20220324 07:06:25.280"/>
</kw>
<kw name="Wait Until Page Contains" library="SeleniumLibrary">
<arg>text=Podcasts Originais Globoplay</arg>
<doc>Waits until ``text`` appears on the current page.</doc>
<status status="PASS" starttime="20220324 07:06:25.281" endtime="20220324 07:06:25.288"/>
</kw>
<kw name="Wait Until Element Is Visible" library="SeleniumLibrary">
<arg>${originais.lista}</arg>
<arg>20s</arg>
<doc>Waits until the element ``locator`` is visible.</doc>
<status status="PASS" starttime="20220324 07:06:25.290" endtime="20220324 07:06:26.392"/>
</kw>
<status status="PASS" starttime="20220324 07:06:25.271" endtime="20220324 07:06:26.393"/>
</kw>
<status status="PASS" starttime="20220324 07:06:25.270" endtime="20220324 07:06:26.393"/>
</kw>
<status status="PASS" starttime="20220324 07:06:25.268" endtime="20220324 07:06:26.394"/>
</kw>
<kw name="Quando seleciona opção &quot;À Mão Armada&quot;" library="BDDptbr" sourcename="Quando ${keyword}">
<kw name="Run Keyword" library="BuiltIn">
<arg>${keyword}</arg>
<doc>Executes the given keyword with the given arguments.</doc>
<kw name="seleciona opção &quot;À Mão Armada&quot;" library="keywords">
<kw name="Log To Console" library="BuiltIn">
<arg>Valida opção "À Mão Armada"</arg>
<doc>Logs the given message to the console.</doc>
<status status="PASS" starttime="20220324 07:06:26.400" endtime="20220324 07:06:26.401"/>
</kw>
<kw name="Wait Until Element Is Visible" library="SeleniumLibrary">
<arg>${originais.mao_armada}</arg>
<arg>20s</arg>
<doc>Waits until the element ``locator`` is visible.</doc>
<status status="PASS" starttime="20220324 07:06:26.402" endtime="20220324 07:06:26.428"/>
</kw>
<kw name="Click Element" library="SeleniumLibrary">
<arg>${originais.mao_armada}</arg>
<doc>Click the element identified by ``locator``.</doc>
<msg timestamp="20220324 07:06:26.433" level="INFO">Clicking element 'CSS:a[title="À Mão Armada"]'.</msg>
<status status="PASS" starttime="20220324 07:06:26.429" endtime="20220324 07:06:26.714"/>
</kw>
<status status="PASS" starttime="20220324 07:06:26.398" endtime="20220324 07:06:26.715"/>
</kw>
<status status="PASS" starttime="20220324 07:06:26.397" endtime="20220324 07:06:26.716"/>
</kw>
<status status="PASS" starttime="20220324 07:06:26.395" endtime="20220324 07:06:26.716"/>
</kw>
<kw name="E apresenta opções disponiveis de episódios À Mão Armada" library="BDDptbr" sourcename="E ${keyword}">
<kw name="Run Keyword" library="BuiltIn">
<arg>${keyword}</arg>
<doc>Executes the given keyword with the given arguments.</doc>
<kw name="apresenta opções disponiveis de episódios À Mão Armada" library="keywords">
<kw name="Log To Console" library="BuiltIn">
<arg>Valida página do podcast "À Mão Armada"</arg>
<doc>Logs the given message to the console.</doc>
<status status="PASS" starttime="20220324 07:06:26.733" endtime="20220324 07:06:26.735"/>
</kw>
<kw name="Run Keyword If" library="BuiltIn">
<arg>'${url_mao_armada}' == 'https://globoplay.globo.com/podcasts/a-mao-armada/7b135c4e-0847-4339-ae77-7d5605ea0ec7'</arg>
<arg>Log To Console</arg>
<arg>Redirecionado para a página de Podcasts "À Mão Armada"</arg>
<arg>ELSE</arg>
<arg>Log To Console</arg>
<arg>&lt;Não redirecinado para a página de Podcast "À Mão Armada"&gt; RETORNA URL: '${url_mao_armada}'</arg>
<doc>Runs the given keyword with the given arguments, if ``condition`` is true.</doc>
<kw name="Log To Console" library="BuiltIn">
<arg>Redirecionado para a página de Podcasts "À Mão Armada"</arg>
<doc>Logs the given message to the console.</doc>
<status status="PASS" starttime="20220324 07:06:26.742" endtime="20220324 07:06:26.747"/>
</kw>
<status status="PASS" starttime="20220324 07:06:26.737" endtime="20220324 07:06:26.748"/>
</kw>
<kw name="Wait Until Page Contains" library="SeleniumLibrary">
<arg>text=À Mão Armada</arg>
<doc>Waits until ``text`` appears on the current page.</doc>
<status status="PASS" starttime="20220324 07:06:26.749" endtime="20220324 07:06:26.773"/>
</kw>
<kw name="Wait Until Element Is Visible" library="SeleniumLibrary">
<arg>${pod_mao_armada.grid}</arg>
<arg>20s</arg>
<doc>Waits until the element ``locator`` is visible.</doc>
<status status="PASS" starttime="20220324 07:06:26.774" endtime="20220324 07:06:26.815"/>
</kw>
<kw name="Wait Until Element Is Visible" library="SeleniumLibrary">
<arg>${pod_mao_armada.grid_episodios}</arg>
<arg>20s</arg>
<doc>Waits until the element ``locator`` is visible.</doc>
<status status="PASS" starttime="20220324 07:06:26.816" endtime="20220324 07:06:26.848"/>
</kw>
<kw name="Get WebElements" library="SeleniumLibrary">
<var>@{play}</var>
<arg>CSS:article[class="episode-card"]</arg>
<doc>Returns a list of WebElement objects matching the ``locator``.</doc>
<msg timestamp="20220324 07:06:26.856" level="INFO">@{play} = [ &lt;selenium.webdriver.firefox.webelement.FirefoxWebElement (session="565f765c-5ac8-4c1a-afe9-42991cb434f3", element="1e80e8e9-e17c-4739-b39b-c1b1471f97b0")&gt; | &lt;selenium.webdriver.firefox.webelement.Fi...</msg>
<status status="PASS" starttime="20220324 07:06:26.849" endtime="20220324 07:06:26.857"/>
</kw>
<for flavor="IN RANGE">
<var>${x}</var>
<value>7</value>
<iter>
<var name="${x}">0</var>
<kw name="Wait Until Element Is Visible" library="SeleniumLibrary">
<arg>${pod_mao_armada.play}</arg>
<arg>20s</arg>
<doc>Waits until the element ``locator`` is visible.</doc>
<status status="PASS" starttime="20220324 07:06:26.861" endtime="20220324 07:06:26.892"/>
</kw>
<kw name="Press Keys" library="SeleniumLibrary">
<arg>NONE</arg>
<arg>ARROW_DOWN</arg>
<doc>Simulates the user pressing key(s) to an element or on the active browser.</doc>
<msg timestamp="20220324 07:06:26.896" level="INFO">Sending key(s) ('ARROW_DOWN',) to page.</msg>
<msg timestamp="20220324 07:06:26.897" level="INFO">Pressing special key ARROW_DOWN to browser.</msg>
<msg timestamp="20220324 07:06:26.897" level="INFO">Releasing special key ARROW_DOWN.</msg>
<status status="PASS" starttime="20220324 07:06:26.894" endtime="20220324 07:06:26.929"/>
</kw>
<kw name="Run Keyword And Ignore Error" library="BuiltIn">
<var>${play}</var>
<arg>Get Text</arg>
<arg>xpath=//html[1]/body[1]/div[1]/div[1]/div[1]/div[1]/div[2]/span[1]/div[1]/article[1]/div[2]/div[1]/div[1]/section[1]/div[1]/article[${x}+1]</arg>
<doc>Runs the given keyword with the given arguments and ignores possible error.</doc>
<kw name="Get Text" library="SeleniumLibrary">
<arg>xpath=//html[1]/body[1]/div[1]/div[1]/div[1]/div[1]/div[2]/span[1]/div[1]/article[1]/div[2]/div[1]/div[1]/section[1]/div[1]/article[${x}+1]</arg>
<doc>Returns the text value of the element identified by ``locator``.</doc>
<status status="PASS" starttime="20220324 07:06:26.932" endtime="20220324 07:06:27.015"/>
</kw>
<msg timestamp="20220324 07:06:27.016" level="INFO">${play} = ('PASS', 'Democracia na mira?\nNo último episódio da série, a repórter Sônia Bridi mostra as semelhanças entre o que está acontecendo no Brasil e o processo que levou gente armada a contestar o result...</msg>
<status status="PASS" starttime="20220324 07:06:26.929" endtime="20220324 07:06:27.017"/>
</kw>
<kw name="Run Keyword If" library="BuiltIn">
<arg>'${play[0]}' == ('PASS', None)</arg>
<arg>Sleep</arg>
<arg>1s</arg>
<doc>Runs the given keyword with the given arguments, if ``condition`` is true.</doc>
<status status="PASS" starttime="20220324 07:06:27.017" endtime="20220324 07:06:27.025"/>
</kw>
<kw name="Log To Console" library="BuiltIn">
<arg>Episódios = '${x}'</arg>
<doc>Logs the given message to the console.</doc>
<status status="PASS" starttime="20220324 07:06:27.028" endtime="20220324 07:06:27.030"/>
</kw>
<kw name="Exit For Loop If" library="BuiltIn">
<arg>'${play[0]}' == ('FAIL')</arg>
<doc>Stops executing the enclosing for loop if the ``condition`` is true.</doc>
<status status="PASS" starttime="20220324 07:06:27.031" endtime="20220324 07:06:27.045"/>
</kw>
<kw name="Evaluate" library="BuiltIn">
<var>${x}</var>
<arg>${x} + 1</arg>
<doc>Evaluates the given expression in Python and returns the result.</doc>
<msg timestamp="20220324 07:06:27.048" level="INFO">${x} = 1</msg>
<status status="PASS" starttime="20220324 07:06:27.046" endtime="20220324 07:06:27.048"/>
</kw>
<status status="PASS" starttime="20220324 07:06:26.860" endtime="20220324 07:06:27.049"/>
</iter>
<iter>
<var name="${x}">1</var>
<kw name="Wait Until Element Is Visible" library="SeleniumLibrary">
<arg>${pod_mao_armada.play}</arg>
<arg>20s</arg>
<doc>Waits until the element ``locator`` is visible.</doc>
<status status="PASS" starttime="20220324 07:06:27.052" endtime="20220324 07:06:27.083"/>
</kw>
<kw name="Press Keys" library="SeleniumLibrary">
<arg>NONE</arg>
<arg>ARROW_DOWN</arg>
<doc>Simulates the user pressing key(s) to an element or on the active browser.</doc>
<msg timestamp="20220324 07:06:27.085" level="INFO">Sending key(s) ('ARROW_DOWN',) to page.</msg>
<msg timestamp="20220324 07:06:27.085" level="INFO">Pressing special key ARROW_DOWN to browser.</msg>
<msg timestamp="20220324 07:06:27.086" level="INFO">Releasing special key ARROW_DOWN.</msg>
<status status="PASS" starttime="20220324 07:06:27.084" endtime="20220324 07:06:27.105"/>
</kw>
<kw name="Run Keyword And Ignore Error" library="BuiltIn">
<var>${play}</var>
<arg>Get Text</arg>
<arg>xpath=//html[1]/body[1]/div[1]/div[1]/div[1]/div[1]/div[2]/span[1]/div[1]/article[1]/div[2]/div[1]/div[1]/section[1]/div[1]/article[${x}+1]</arg>
<doc>Runs the given keyword with the given arguments and ignores possible error.</doc>
<kw name="Get Text" library="SeleniumLibrary">
<arg>xpath=//html[1]/body[1]/div[1]/div[1]/div[1]/div[1]/div[2]/span[1]/div[1]/article[1]/div[2]/div[1]/div[1]/section[1]/div[1]/article[${x}+1]</arg>
<doc>Returns the text value of the element identified by ``locator``.</doc>
<status status="PASS" starttime="20220324 07:06:27.114" endtime="20220324 07:06:27.153"/>
</kw>
<msg timestamp="20220324 07:06:27.154" level="INFO">${play} = ('PASS', 'Na linha de tiro\nAs polícias vão correr mais risco com a população mais armada? O crime organizado vai poder se abastecer também no mercado interno? A repórter Sônia Bridi revisita o cenári...</msg>
<status status="PASS" starttime="20220324 07:06:27.109" endtime="20220324 07:06:27.154"/>
</kw>
<kw name="Run Keyword If" library="BuiltIn">
<arg>'${play[0]}' == ('PASS', None)</arg>
<arg>Sleep</arg>
<arg>1s</arg>
<doc>Runs the given keyword with the given arguments, if ``condition`` is true.</doc>
<status status="PASS" starttime="20220324 07:06:27.155" endtime="20220324 07:06:27.160"/>
</kw>
<kw name="Log To Console" library="BuiltIn">
<arg>Episódios = '${x}'</arg>
<doc>Logs the given message to the console.</doc>
<status status="PASS" starttime="20220324 07:06:27.161" endtime="20220324 07:06:27.163"/>
</kw>
<kw name="Exit For Loop If" library="BuiltIn">
<arg>'${play[0]}' == ('FAIL')</arg>
<doc>Stops executing the enclosing for loop if the ``condition`` is true.</doc>
<status status="PASS" starttime="20220324 07:06:27.164" endtime="20220324 07:06:27.177"/>
</kw>
<kw name="Evaluate" library="BuiltIn">
<var>${x}</var>
<arg>${x} + 1</arg>
<doc>Evaluates the given expression in Python and returns the result.</doc>
<msg timestamp="20220324 07:06:27.181" level="INFO">${x} = 2</msg>
<status status="PASS" starttime="20220324 07:06:27.179" endtime="20220324 07:06:27.181"/>
</kw>
<status status="PASS" starttime="20220324 07:06:27.049" endtime="20220324 07:06:27.182"/>
</iter>
<iter>
<var name="${x}">2</var>
<kw name="Wait Until Element Is Visible" library="SeleniumLibrary">
<arg>${pod_mao_armada.play}</arg>
<arg>20s</arg>
<doc>Waits until the element ``locator`` is visible.</doc>
<status status="PASS" starttime="20220324 07:06:27.184" endtime="20220324 07:06:27.212"/>
</kw>
<kw name="Press Keys" library="SeleniumLibrary">
<arg>NONE</arg>
<arg>ARROW_DOWN</arg>
<doc>Simulates the user pressing key(s) to an element or on the active browser.</doc>
<msg timestamp="20220324 07:06:27.214" level="INFO">Sending key(s) ('ARROW_DOWN',) to page.</msg>
<msg timestamp="20220324 07:06:27.215" level="INFO">Pressing special key ARROW_DOWN to browser.</msg>
<msg timestamp="20220324 07:06:27.215" level="INFO">Releasing special key ARROW_DOWN.</msg>
<status status="PASS" starttime="20220324 07:06:27.213" endtime="20220324 07:06:27.229"/>
</kw>
<kw name="Run Keyword And Ignore Error" library="BuiltIn">
<var>${play}</var>
<arg>Get Text</arg>
<arg>xpath=//html[1]/body[1]/div[1]/div[1]/div[1]/div[1]/div[2]/span[1]/div[1]/article[1]/div[2]/div[1]/div[1]/section[1]/div[1]/article[${x}+1]</arg>
<doc>Runs the given keyword with the given arguments and ignores possible error.</doc>
<kw name="Get Text" library="SeleniumLibrary">
<arg>xpath=//html[1]/body[1]/div[1]/div[1]/div[1]/div[1]/div[2]/span[1]/div[1]/article[1]/div[2]/div[1]/div[1]/section[1]/div[1]/article[${x}+1]</arg>
<doc>Returns the text value of the element identified by ``locator``.</doc>
<status status="PASS" starttime="20220324 07:06:27.231" endtime="20220324 07:06:27.268"/>
</kw>
<msg timestamp="20220324 07:06:27.269" level="INFO">${play} = ('PASS', 'Caso Isabele: brincando com fogo\nEm julho de 2020, uma adolescente de 14 anos foi morta com um tiro na cabeça na casa da melhor amiga em um condomínio de luxo em Cuiabá. Uma casa com nove p...</msg>
<status status="PASS" starttime="20220324 07:06:27.230" endtime="20220324 07:06:27.269"/>
</kw>
<kw name="Run Keyword If" library="BuiltIn">
<arg>'${play[0]}' == ('PASS', None)</arg>
<arg>Sleep</arg>
<arg>1s</arg>
<doc>Runs the given keyword with the given arguments, if ``condition`` is true.</doc>
<status status="PASS" starttime="20220324 07:06:27.271" endtime="20220324 07:06:27.278"/>
</kw>
<kw name="Log To Console" library="BuiltIn">
<arg>Episódios = '${x}'</arg>
<doc>Logs the given message to the console.</doc>
<status status="PASS" starttime="20220324 07:06:27.279" endtime="20220324 07:06:27.281"/>
</kw>
<kw name="Exit For Loop If" library="BuiltIn">
<arg>'${play[0]}' == ('FAIL')</arg>
<doc>Stops executing the enclosing for loop if the ``condition`` is true.</doc>
<status status="PASS" starttime="20220324 07:06:27.282" endtime="20220324 07:06:27.297"/>
</kw>
<kw name="Evaluate" library="BuiltIn">
<var>${x}</var>
<arg>${x} + 1</arg>
<doc>Evaluates the given expression in Python and returns the result.</doc>
<msg timestamp="20220324 07:06:27.299" level="INFO">${x} = 3</msg>
<status status="PASS" starttime="20220324 07:06:27.298" endtime="20220324 07:06:27.299"/>
</kw>
<status status="PASS" starttime="20220324 07:06:27.183" endtime="20220324 07:06:27.300"/>
</iter>
<iter>
<var name="${x}">3</var>
<kw name="Wait Until Element Is Visible" library="SeleniumLibrary">
<arg>${pod_mao_armada.play}</arg>
<arg>20s</arg>
<doc>Waits until the element ``locator`` is visible.</doc>
<status status="PASS" starttime="20220324 07:06:27.302" endtime="20220324 07:06:27.330"/>
</kw>
<kw name="Press Keys" library="SeleniumLibrary">
<arg>NONE</arg>
<arg>ARROW_DOWN</arg>
<doc>Simulates the user pressing key(s) to an element or on the active browser.</doc>
<msg timestamp="20220324 07:06:27.333" level="INFO">Sending key(s) ('ARROW_DOWN',) to page.</msg>
<msg timestamp="20220324 07:06:27.333" level="INFO">Pressing special key ARROW_DOWN to browser.</msg>
<msg timestamp="20220324 07:06:27.333" level="INFO">Releasing special key ARROW_DOWN.</msg>
<status status="PASS" starttime="20220324 07:06:27.331" endtime="20220324 07:06:27.343"/>
</kw>
<kw name="Run Keyword And Ignore Error" library="BuiltIn">
<var>${play}</var>
<arg>Get Text</arg>
<arg>xpath=//html[1]/body[1]/div[1]/div[1]/div[1]/div[1]/div[2]/span[1]/div[1]/article[1]/div[2]/div[1]/div[1]/section[1]/div[1]/article[${x}+1]</arg>
<doc>Runs the given keyword with the given arguments and ignores possible error.</doc>
<kw name="Get Text" library="SeleniumLibrary">
<arg>xpath=//html[1]/body[1]/div[1]/div[1]/div[1]/div[1]/div[2]/span[1]/div[1]/article[1]/div[2]/div[1]/div[1]/section[1]/div[1]/article[${x}+1]</arg>
<doc>Returns the text value of the element identified by ``locator``.</doc>
<status status="PASS" starttime="20220324 07:06:27.345" endtime="20220324 07:06:27.392"/>
</kw>
<msg timestamp="20220324 07:06:27.393" level="INFO">${play} = ('PASS', 'O massacre de Suzano: e se fosse uma pistola?\nEm março de 2019, dois ex-alunos entraram na escola Raul Brasil, em Suzano, e mataram 7 pessoas. O crime, que chocou o Brasil, foi planejado fr...</msg>
<status status="PASS" starttime="20220324 07:06:27.344" endtime="20220324 07:06:27.393"/>
</kw>
<kw name="Run Keyword If" library="BuiltIn">
<arg>'${play[0]}' == ('PASS', None)</arg>
<arg>Sleep</arg>
<arg>1s</arg>
<doc>Runs the given keyword with the given arguments, if ``condition`` is true.</doc>
<status status="PASS" starttime="20220324 07:06:27.394" endtime="20220324 07:06:27.398"/>
</kw>
<kw name="Log To Console" library="BuiltIn">
<arg>Episódios = '${x}'</arg>
<doc>Logs the given message to the console.</doc>
<status status="PASS" starttime="20220324 07:06:27.399" endtime="20220324 07:06:27.400"/>
</kw>
<kw name="Exit For Loop If" library="BuiltIn">
<arg>'${play[0]}' == ('FAIL')</arg>
<doc>Stops executing the enclosing for loop if the ``condition`` is true.</doc>
<status status="PASS" starttime="20220324 07:06:27.402" endtime="20220324 07:06:27.414"/>
</kw>
<kw name="Evaluate" library="BuiltIn">
<var>${x}</var>
<arg>${x} + 1</arg>
<doc>Evaluates the given expression in Python and returns the result.</doc>
<msg timestamp="20220324 07:06:27.416" level="INFO">${x} = 4</msg>
<status status="PASS" starttime="20220324 07:06:27.415" endtime="20220324 07:06:27.416"/>
</kw>
<status status="PASS" starttime="20220324 07:06:27.300" endtime="20220324 07:06:27.416"/>
</iter>
<iter>
<var name="${x}">4</var>
<kw name="Wait Until Element Is Visible" library="SeleniumLibrary">
<arg>${pod_mao_armada.play}</arg>
<arg>20s</arg>
<doc>Waits until the element ``locator`` is visible.</doc>
<status status="PASS" starttime="20220324 07:06:27.418" endtime="20220324 07:06:27.444"/>
</kw>
<kw name="Press Keys" library="SeleniumLibrary">
<arg>NONE</arg>
<arg>ARROW_DOWN</arg>
<doc>Simulates the user pressing key(s) to an element or on the active browser.</doc>
<msg timestamp="20220324 07:06:27.447" level="INFO">Sending key(s) ('ARROW_DOWN',) to page.</msg>
<msg timestamp="20220324 07:06:27.447" level="INFO">Pressing special key ARROW_DOWN to browser.</msg>
<msg timestamp="20220324 07:06:27.447" level="INFO">Releasing special key ARROW_DOWN.</msg>
<status status="PASS" starttime="20220324 07:06:27.445" endtime="20220324 07:06:27.452"/>
</kw>
<kw name="Run Keyword And Ignore Error" library="BuiltIn">
<var>${play}</var>
<arg>Get Text</arg>
<arg>xpath=//html[1]/body[1]/div[1]/div[1]/div[1]/div[1]/div[2]/span[1]/div[1]/article[1]/div[2]/div[1]/div[1]/section[1]/div[1]/article[${x}+1]</arg>
<doc>Runs the given keyword with the given arguments and ignores possible error.</doc>
<kw name="Get Text" library="SeleniumLibrary">
<arg>xpath=//html[1]/body[1]/div[1]/div[1]/div[1]/div[1]/div[2]/span[1]/div[1]/article[1]/div[2]/div[1]/div[1]/section[1]/div[1]/article[${x}+1]</arg>
<doc>Returns the text value of the element identified by ``locator``.</doc>
<status status="PASS" starttime="20220324 07:06:27.456" endtime="20220324 07:06:27.490"/>
</kw>
<msg timestamp="20220324 07:06:27.490" level="INFO">${play} = ('PASS', 'Pátria Armada, Brasil\nEm 1995, um parlamentar até então pouco conhecido teve sua moto e arma roubados no Rio de Janeiro. Em 2003, esse mesmo político foi um dos mais ferrenhos opositores do...</msg>
<status status="PASS" starttime="20220324 07:06:27.454" endtime="20220324 07:06:27.491"/>
</kw>
<kw name="Run Keyword If" library="BuiltIn">
<arg>'${play[0]}' == ('PASS', None)</arg>
<arg>Sleep</arg>
<arg>1s</arg>
<doc>Runs the given keyword with the given arguments, if ``condition`` is true.</doc>
<status status="PASS" starttime="20220324 07:06:27.491" endtime="20220324 07:06:27.496"/>
</kw>
<kw name="Log To Console" library="BuiltIn">
<arg>Episódios = '${x}'</arg>
<doc>Logs the given message to the console.</doc>
<status status="PASS" starttime="20220324 07:06:27.497" endtime="20220324 07:06:27.498"/>
</kw>
<kw name="Exit For Loop If" library="BuiltIn">
<arg>'${play[0]}' == ('FAIL')</arg>
<doc>Stops executing the enclosing for loop if the ``condition`` is true.</doc>
<status status="PASS" starttime="20220324 07:06:27.499" endtime="20220324 07:06:27.510"/>
</kw>
<kw name="Evaluate" library="BuiltIn">
<var>${x}</var>
<arg>${x} + 1</arg>
<doc>Evaluates the given expression in Python and returns the result.</doc>
<msg timestamp="20220324 07:06:27.512" level="INFO">${x} = 5</msg>
<status status="PASS" starttime="20220324 07:06:27.511" endtime="20220324 07:06:27.512"/>
</kw>
<status status="PASS" starttime="20220324 07:06:27.417" endtime="20220324 07:06:27.512"/>
</iter>
<iter>
<var name="${x}">5</var>
<kw name="Wait Until Element Is Visible" library="SeleniumLibrary">
<arg>${pod_mao_armada.play}</arg>
<arg>20s</arg>
<doc>Waits until the element ``locator`` is visible.</doc>
<status status="PASS" starttime="20220324 07:06:27.514" endtime="20220324 07:06:27.542"/>
</kw>
<kw name="Press Keys" library="SeleniumLibrary">
<arg>NONE</arg>
<arg>ARROW_DOWN</arg>
<doc>Simulates the user pressing key(s) to an element or on the active browser.</doc>
<msg timestamp="20220324 07:06:27.544" level="INFO">Sending key(s) ('ARROW_DOWN',) to page.</msg>
<msg timestamp="20220324 07:06:27.544" level="INFO">Pressing special key ARROW_DOWN to browser.</msg>
<msg timestamp="20220324 07:06:27.544" level="INFO">Releasing special key ARROW_DOWN.</msg>
<status status="PASS" starttime="20220324 07:06:27.543" endtime="20220324 07:06:27.550"/>
</kw>
<kw name="Run Keyword And Ignore Error" library="BuiltIn">
<var>${play}</var>
<arg>Get Text</arg>
<arg>xpath=//html[1]/body[1]/div[1]/div[1]/div[1]/div[1]/div[2]/span[1]/div[1]/article[1]/div[2]/div[1]/div[1]/section[1]/div[1]/article[${x}+1]</arg>
<doc>Runs the given keyword with the given arguments and ignores possible error.</doc>
<kw name="Get Text" library="SeleniumLibrary">
<arg>xpath=//html[1]/body[1]/div[1]/div[1]/div[1]/div[1]/div[2]/span[1]/div[1]/article[1]/div[2]/div[1]/div[1]/section[1]/div[1]/article[${x}+1]</arg>
<doc>Returns the text value of the element identified by ``locator``.</doc>
<msg timestamp="20220324 07:06:27.563" level="FAIL">Element with locator 'xpath=//html[1]/body[1]/div[1]/div[1]/div[1]/div[1]/div[2]/span[1]/div[1]/article[1]/div[2]/div[1]/div[1]/section[1]/div[1]/article[5+1]' not found.</msg>
<status status="FAIL" starttime="20220324 07:06:27.553" endtime="20220324 07:06:27.564"/>
</kw>
<msg timestamp="20220324 07:06:27.565" level="INFO">${play} = ('FAIL', "Element with locator 'xpath=//html[1]/body[1]/div[1]/div[1]/div[1]/div[1]/div[2]/span[1]/div[1]/article[1]/div[2]/div[1]/div[1]/section[1]/div[1]/article[5+1]' not found.")</msg>
<status status="PASS" starttime="20220324 07:06:27.551" endtime="20220324 07:06:27.565"/>
</kw>
<kw name="Run Keyword If" library="BuiltIn">
<arg>'${play[0]}' == ('PASS', None)</arg>
<arg>Sleep</arg>
<arg>1s</arg>
<doc>Runs the given keyword with the given arguments, if ``condition`` is true.</doc>
<status status="PASS" starttime="20220324 07:06:27.566" endtime="20220324 07:06:27.572"/>
</kw>
<kw name="Log To Console" library="BuiltIn">
<arg>Episódios = '${x}'</arg>
<doc>Logs the given message to the console.</doc>
<status status="PASS" starttime="20220324 07:06:27.573" endtime="20220324 07:06:27.574"/>
</kw>
<kw name="Exit For Loop If" library="BuiltIn">
<arg>'${play[0]}' == ('FAIL')</arg>
<doc>Stops executing the enclosing for loop if the ``condition`` is true.</doc>
<msg timestamp="20220324 07:06:27.586" level="INFO">Exiting for loop altogether.</msg>
<status status="PASS" starttime="20220324 07:06:27.575" endtime="20220324 07:06:27.589"/>
</kw>
<status status="PASS" starttime="20220324 07:06:27.513" endtime="20220324 07:06:27.590"/>
</iter>
<status status="PASS" starttime="20220324 07:06:26.859" endtime="20220324 07:06:27.591"/>
</for>
<status status="PASS" starttime="20220324 07:06:26.729" endtime="20220324 07:06:27.593"/>
</kw>
<status status="PASS" starttime="20220324 07:06:26.722" endtime="20220324 07:06:27.593"/>
</kw>
<status status="PASS" starttime="20220324 07:06:26.718" endtime="20220324 07:06:27.594"/>
</kw>
<kw name="After Scenario" library="environment" type="TEARDOWN">
<kw name="Set Screenshot Directory" library="SeleniumLibrary">
<arg>${path_screenshots}/${SUITE NAME}</arg>
<doc>Sets the directory for captured screenshots.</doc>
<status status="PASS" starttime="20220324 07:06:27.600" endtime="20220324 07:06:27.603"/>
</kw>
<kw name="Capture Page Screenshot" library="SeleniumLibrary">
<doc>Takes a screenshot of the current page and embeds it into a log file.</doc>
<msg timestamp="20220324 07:06:27.700" level="INFO" html="true">&lt;/td&gt;&lt;/tr&gt;&lt;tr&gt;&lt;td colspan="3"&gt;&lt;a href="screenshots/Explore%20Podcast/selenium-screenshot-1.png"&gt;&lt;img src="screenshots/Explore%20Podcast/selenium-screenshot-1.png" width="800px"&gt;&lt;/a&gt;</msg>
<status status="PASS" starttime="20220324 07:06:27.605" endtime="20220324 07:06:27.700"/>
</kw>
<kw name="Remove Files" library="OperatingSystem">
<arg>${EXECDIR}/selenium-screenshot*</arg>
<doc>Uses `Remove File` to remove multiple files one-by-one.</doc>
<msg timestamp="20220324 07:06:27.706" level="INFO" html="true">File '&lt;a href="file://C:\Users\ACT\Documents\Globo - WEB\selenium-screenshot*"&gt;C:\Users\ACT\Documents\Globo - WEB\selenium-screenshot*&lt;/a&gt;' does not exist.</msg>
<status status="PASS" starttime="20220324 07:06:27.701" endtime="20220324 07:06:27.706"/>
</kw>
<kw name="Close Browser" library="SeleniumLibrary">
<doc>Closes the current browser.</doc>
<status status="PASS" starttime="20220324 07:06:27.707" endtime="20220324 07:06:28.678"/>
</kw>
<status status="PASS" starttime="20220324 07:06:27.597" endtime="20220324 07:06:28.679"/>
</kw>
<status status="PASS" starttime="20220324 07:06:10.075" endtime="20220324 07:06:28.680"/>
</test>
<doc>Acesso tela de Explore e valida opção Podcasts</doc>
<status status="PASS" starttime="20220324 07:06:08.956" endtime="20220324 07:06:28.683"/>
</suite>
<statistics>
<total>
<stat pass="1" fail="0" skip="0">All Tests</stat>
</total>
<tag>
</tag>
<suite>
<stat pass="1" fail="0" skip="0" id="s1" name="Explore Podcast">Explore Podcast</stat>
</suite>
</statistics>
<errors>
</errors>
</robot>
