<?xml version="1.0" encoding="UTF-8"?>
<robot generator="Robot 4.1.3 (Python 3.9.7 on win32)" generated="20220506 11:05:32.806" rpa="false" schemaversion="2">
<suite id="s1" name="AgoraNaTv" source="c:\Users\ACT\Documents\Globo - WEB\web-tests-globoplay\scenarios\agora_Na_Tv\AgoraNaTv.robot">
<kw name="Before Suite" library="environment" type="SETUP">
<kw name="Create Directory" library="OperatingSystem">
<arg>${path_screenshots}/${SUITE NAME}</arg>
<doc>Creates the specified directory.</doc>
<msg timestamp="20220506 11:05:33.214" level="INFO" html="true">Directory '&lt;a href="file://C:\Users\ACT\Documents\Globo - WEB\screenshots\AgoraNaTv"&gt;C:\Users\ACT\Documents\Globo - WEB\screenshots\AgoraNaTv&lt;/a&gt;' already exists.</msg>
<status status="PASS" starttime="20220506 11:05:33.214" endtime="20220506 11:05:33.214"/>
</kw>
<kw name="Empty Directory" library="OperatingSystem">
<arg>${path_screenshots}/${SUITE NAME}</arg>
<doc>Deletes all the content from the given directory.</doc>
<msg timestamp="20220506 11:05:33.215" level="INFO" html="true">Listing contents of directory '&lt;a href="file://C:\Users\ACT\Documents\Globo - WEB\screenshots\AgoraNaTv"&gt;C:\Users\ACT\Documents\Globo - WEB\screenshots\AgoraNaTv&lt;/a&gt;'.</msg>
<msg timestamp="20220506 11:05:33.216" level="INFO" html="true">Emptied directory '&lt;a href="file://C:\Users\ACT\Documents\Globo - WEB\screenshots\AgoraNaTv"&gt;C:\Users\ACT\Documents\Globo - WEB\screenshots\AgoraNaTv&lt;/a&gt;'.</msg>
<status status="PASS" starttime="20220506 11:05:33.214" endtime="20220506 11:05:33.216"/>
</kw>
<kw name="Remove Files" library="OperatingSystem">
<arg>${EXECDIR}/geckodriver-*.log</arg>
<doc>Uses `Remove File` to remove multiple files one-by-one.</doc>
<msg timestamp="20220506 11:05:33.217" level="INFO" html="true">Removed file '&lt;a href="file://C:\Users\ACT\Documents\Globo - WEB\geckodriver-1.log"&gt;C:\Users\ACT\Documents\Globo - WEB\geckodriver-1.log&lt;/a&gt;'.</msg>
<msg timestamp="20220506 11:05:33.217" level="INFO" html="true">Removed file '&lt;a href="file://C:\Users\ACT\Documents\Globo - WEB\geckodriver-2.log"&gt;C:\Users\ACT\Documents\Globo - WEB\geckodriver-2.log&lt;/a&gt;'.</msg>
<status status="PASS" starttime="20220506 11:05:33.216" endtime="20220506 11:05:33.217"/>
</kw>
<status status="PASS" starttime="20220506 11:05:33.214" endtime="20220506 11:05:33.217"/>
</kw>
<test id="s1-t1" name="Acessar conteúdo de &quot;Agora na TV&quot; com usuário anônimo">
<kw name="Before Scenario" library="environment" type="SETUP">
<kw name="Open Browser" library="SeleniumLibrary">
<arg>${url}</arg>
<arg>firefox</arg>
<arg>options=${browserOptions_firefox}</arg>
<doc>Opens a new browser instance to the optional ``url``.</doc>
<msg timestamp="20220506 11:05:33.219" level="INFO">Opening browser 'firefox' to base url 'https://globoplay.globo.com/'.</msg>
<msg timestamp="20220506 11:05:33.223" level="INFO">Firefox driver log is always forced to to: C:\Users\ACT\Documents\Globo - WEB\geckodriver-1.log</msg>
<status status="PASS" starttime="20220506 11:05:33.219" endtime="20220506 11:05:53.668"/>
</kw>
<kw name="Maximize Browser Window" library="SeleniumLibrary">
<doc>Maximizes current browser window.</doc>
<status status="PASS" starttime="20220506 11:05:53.668" endtime="20220506 11:05:53.673"/>
</kw>
<for flavor="IN">
<var>${x}</var>
<value>2</value>
<iter>
<var name="${x}">2</var>
<kw name="Run Keyword And Ignore Error" library="BuiltIn">
<var>${condition_prosseguir_button}</var>
<arg>Wait until element is visible</arg>
<arg>${LGPD.btnProsseguir}</arg>
<arg>20s</arg>
<doc>Runs the given keyword with the given arguments and ignores possible error.</doc>
<kw name="Wait Until Element Is Visible" library="SeleniumLibrary">
<arg>${LGPD.btnProsseguir}</arg>
<arg>20s</arg>
<doc>Waits until the element ``locator`` is visible.</doc>
<msg timestamp="20220506 11:05:53.677" level="FAIL">Resolving variable '${LGPD.btnProsseguir}' failed: Variable '${LGPD}' not found.</msg>
<status status="FAIL" starttime="20220506 11:05:53.674" endtime="20220506 11:05:53.677"/>
</kw>
<msg timestamp="20220506 11:05:53.678" level="INFO">${condition_prosseguir_button} = ('FAIL', "Resolving variable '${LGPD.btnProsseguir}' failed: Variable '${LGPD}' not found.")</msg>
<status status="PASS" starttime="20220506 11:05:53.674" endtime="20220506 11:05:53.678"/>
</kw>
<kw name="Run Keyword If" library="BuiltIn">
<arg>'${condition_prosseguir_button[0]}' == 'PASS'</arg>
<arg>Run Keywords</arg>
<arg>Click element</arg>
<arg>${LGPD.btnProsseguir}</arg>
<arg>AND</arg>
<arg>EXIT FOR LOOP</arg>
<arg>ELSE</arg>
<arg>Go To</arg>
<arg>${url}</arg>
<doc>Runs the given keyword with the given arguments, if ``condition`` is true.</doc>
<kw name="Go To" library="SeleniumLibrary">
<arg>${url}</arg>
<doc>Navigates the current browser window to the provided ``url``.</doc>
<msg timestamp="20220506 11:05:53.680" level="INFO">Opening url 'https://globoplay.globo.com/'</msg>
<status status="PASS" starttime="20220506 11:05:53.680" endtime="20220506 11:05:55.630"/>
</kw>
<status status="PASS" starttime="20220506 11:05:53.678" endtime="20220506 11:05:55.630"/>
</kw>
<status status="PASS" starttime="20220506 11:05:53.673" endtime="20220506 11:05:55.630"/>
</iter>
<status status="PASS" starttime="20220506 11:05:53.673" endtime="20220506 11:05:55.630"/>
</for>
<kw name="Wait Until Element Is Visible" library="SeleniumLibrary">
<arg>${homePage.pagina}</arg>
<arg>20s</arg>
<doc>Waits until the element ``locator`` is visible.</doc>
<status status="PASS" starttime="20220506 11:05:55.630" endtime="20220506 11:05:57.132"/>
</kw>
<status status="PASS" starttime="20220506 11:05:33.218" endtime="20220506 11:05:57.132"/>
</kw>
<kw name="Dado que sou um usuário anônimo" library="BDDptbr" sourcename="Dado ${keyword}">
<kw name="Run Keyword" library="BuiltIn">
<arg>${keyword}</arg>
<doc>Executes the given keyword with the given arguments.</doc>
<kw name="que sou um usuário anônimo" library="keywords">
<kw name="Log" library="BuiltIn">
<arg>Verifica acesso Globoplay</arg>
<doc>Logs the given message with the given level.</doc>
<msg timestamp="20220506 11:05:57.139" level="INFO">Verifica acesso Globoplay</msg>
<status status="PASS" starttime="20220506 11:05:57.139" endtime="20220506 11:05:57.139"/>
</kw>
<kw name="Wait Until Element Is Visible" library="SeleniumLibrary">
<arg>${homePage.pagina}</arg>
<doc>Waits until the element ``locator`` is visible.</doc>
<status status="PASS" starttime="20220506 11:05:57.140" endtime="20220506 11:05:58.478"/>
</kw>
<status status="PASS" starttime="20220506 11:05:57.138" endtime="20220506 11:05:58.478"/>
</kw>
<status status="PASS" starttime="20220506 11:05:57.138" endtime="20220506 11:05:58.478"/>
</kw>
<status status="PASS" starttime="20220506 11:05:57.136" endtime="20220506 11:05:58.478"/>
</kw>
<kw name="E que estou na home" library="BDDptbr" sourcename="E ${keyword}">
<kw name="Run Keyword" library="BuiltIn">
<arg>${keyword}</arg>
<doc>Executes the given keyword with the given arguments.</doc>
<kw name="que estou na home" library="keywords">
<kw name="Log To Console" library="BuiltIn">
<arg>Verifica página home</arg>
<doc>Logs the given message to the console.</doc>
<status status="PASS" starttime="20220506 11:05:58.483" endtime="20220506 11:05:58.483"/>
</kw>
<kw name="Run Keyword If" library="BuiltIn">
<arg>'${url}' == 'https://globoplay.globo.com/'</arg>
<arg>Log To Console</arg>
<arg>Redirecionado para a página de Home</arg>
<arg>ELSE</arg>
<arg>Log To Console</arg>
<arg>&lt;Não redirecinado para a página de Home&gt; RETORNA URL: '${url}'</arg>
<doc>Runs the given keyword with the given arguments, if ``condition`` is true.</doc>
<kw name="Log To Console" library="BuiltIn">
<arg>Redirecionado para a página de Home</arg>
<doc>Logs the given message to the console.</doc>
<status status="PASS" starttime="20220506 11:05:58.484" endtime="20220506 11:05:58.484"/>
</kw>
<status status="PASS" starttime="20220506 11:05:58.483" endtime="20220506 11:05:58.484"/>
</kw>
<kw name="Wait Until Element Is Visible" library="SeleniumLibrary">
<arg>${homePage.pagina}</arg>
<arg>50s</arg>
<doc>Waits until the element ``locator`` is visible.</doc>
<status status="PASS" starttime="20220506 11:05:58.484" endtime="20220506 11:05:58.564"/>
</kw>
<status status="PASS" starttime="20220506 11:05:58.483" endtime="20220506 11:05:58.564"/>
</kw>
<status status="PASS" starttime="20220506 11:05:58.480" endtime="20220506 11:05:58.565"/>
</kw>
<status status="PASS" starttime="20220506 11:05:58.479" endtime="20220506 11:05:58.566"/>
</kw>
<kw name="Então seleciona o menu &quot;Agora na TV&quot;" library="BDDptbr" sourcename="Então ${keyword}">
<kw name="Run Keyword" library="BuiltIn">
<arg>${keyword}</arg>
<doc>Executes the given keyword with the given arguments.</doc>
<kw name="seleciona o menu &quot;Agora na TV&quot;" library="keywords">
<kw name="Log To Console" library="BuiltIn">
<arg>Seleciona botão do menu "Agora na TV"</arg>
<doc>Logs the given message to the console.</doc>
<status status="PASS" starttime="20220506 11:05:58.569" endtime="20220506 11:05:58.570"/>
</kw>
<kw name="Run Keyword If" library="BuiltIn">
<arg>'${url_agora_tv}' == 'https://globoplay.globo.com/tv-globo/ao-vivo'</arg>
<arg>Log To Console</arg>
<arg>Redirecionado para a página de Agora na TV</arg>
<arg>ELSE</arg>
<arg>Log To Console</arg>
<arg>&lt;Não redirecinado para a página de Agora na TV&gt; RETORNA URL: '${url_agora_tv}'</arg>
<doc>Runs the given keyword with the given arguments, if ``condition`` is true.</doc>
<kw name="Log To Console" library="BuiltIn">
<arg>Redirecionado para a página de Agora na TV</arg>
<doc>Logs the given message to the console.</doc>
<status status="PASS" starttime="20220506 11:05:58.571" endtime="20220506 11:05:58.572"/>
</kw>
<status status="PASS" starttime="20220506 11:05:58.570" endtime="20220506 11:05:58.572"/>
</kw>
<kw name="Wait Until Element Is Visible" library="SeleniumLibrary">
<arg>${page_agoratv.agora_tv}</arg>
<arg>50s</arg>
<doc>Waits until the element ``locator`` is visible.</doc>
<status status="PASS" starttime="20220506 11:05:58.572" endtime="20220506 11:05:58.603"/>
</kw>
<kw name="Click Element" library="SeleniumLibrary">
<arg>${page_agoratv.agora_tv}</arg>
<doc>Click the element identified by ``locator``.</doc>
<msg timestamp="20220506 11:05:58.604" level="INFO">Clicking element 'xpath://*[@id="app"]/div/div/div[1]/header/nav/a[1]'.</msg>
<status status="PASS" starttime="20220506 11:05:58.603" endtime="20220506 11:05:58.945"/>
</kw>
<kw name="Wait Until Element Is Visible" library="SeleniumLibrary">
<arg>${page_agoratv.btn_assistir}</arg>
<arg>50s</arg>
<doc>Waits until the element ``locator`` is visible.</doc>
<status status="PASS" starttime="20220506 11:05:58.946" endtime="20220506 11:05:59.375"/>
</kw>
<status status="PASS" starttime="20220506 11:05:58.569" endtime="20220506 11:05:59.376"/>
</kw>
<status status="PASS" starttime="20220506 11:05:58.568" endtime="20220506 11:05:59.376"/>
</kw>
<status status="PASS" starttime="20220506 11:05:58.567" endtime="20220506 11:05:59.376"/>
</kw>
<kw name="After Scenario" library="environment" type="TEARDOWN">
<kw name="Set Screenshot Directory" library="SeleniumLibrary">
<arg>${path_screenshots}/${SUITE NAME}</arg>
<doc>Sets the directory for captured screenshots.</doc>
<status status="PASS" starttime="20220506 11:05:59.378" endtime="20220506 11:05:59.379"/>
</kw>
<kw name="Capture Page Screenshot" library="SeleniumLibrary">
<doc>Takes a screenshot of the current page and embeds it into a log file.</doc>
<msg timestamp="20220506 11:05:59.535" level="INFO" html="true">&lt;/td&gt;&lt;/tr&gt;&lt;tr&gt;&lt;td colspan="3"&gt;&lt;a href="screenshots/AgoraNaTv/selenium-screenshot-1.png"&gt;&lt;img src="screenshots/AgoraNaTv/selenium-screenshot-1.png" width="800px"&gt;&lt;/a&gt;</msg>
<status status="PASS" starttime="20220506 11:05:59.379" endtime="20220506 11:05:59.535"/>
</kw>
<kw name="Remove Files" library="OperatingSystem">
<arg>${EXECDIR}/selenium-screenshot*</arg>
<doc>Uses `Remove File` to remove multiple files one-by-one.</doc>
<msg timestamp="20220506 11:05:59.536" level="INFO" html="true">File '&lt;a href="file://C:\Users\ACT\Documents\Globo - WEB\selenium-screenshot*"&gt;C:\Users\ACT\Documents\Globo - WEB\selenium-screenshot*&lt;/a&gt;' does not exist.</msg>
<status status="PASS" starttime="20220506 11:05:59.535" endtime="20220506 11:05:59.536"/>
</kw>
<kw name="Close Browser" library="SeleniumLibrary">
<doc>Closes the current browser.</doc>
<status status="PASS" starttime="20220506 11:05:59.536" endtime="20220506 11:06:00.564"/>
</kw>
<status status="PASS" starttime="20220506 11:05:59.377" endtime="20220506 11:06:00.564"/>
</kw>
<status status="PASS" starttime="20220506 11:05:33.217" endtime="20220506 11:06:00.565"/>
</test>
<test id="s1-t2" name="Acessar conteúdo de Agora na TV na opção &quot;Todos&quot; com usuário anônimo">
<kw name="Before Scenario" library="environment" type="SETUP">
<kw name="Open Browser" library="SeleniumLibrary">
<arg>${url}</arg>
<arg>firefox</arg>
<arg>options=${browserOptions_firefox}</arg>
<doc>Opens a new browser instance to the optional ``url``.</doc>
<msg timestamp="20220506 11:06:00.569" level="INFO">Opening browser 'firefox' to base url 'https://globoplay.globo.com/'.</msg>
<msg timestamp="20220506 11:06:00.569" level="INFO">Firefox driver log is always forced to to: C:\Users\ACT\Documents\Globo - WEB\geckodriver-2.log</msg>
<status status="PASS" starttime="20220506 11:06:00.568" endtime="20220506 11:06:14.417"/>
</kw>
<kw name="Maximize Browser Window" library="SeleniumLibrary">
<doc>Maximizes current browser window.</doc>
<status status="PASS" starttime="20220506 11:06:14.417" endtime="20220506 11:06:14.427"/>
</kw>
<for flavor="IN">
<var>${x}</var>
<value>2</value>
<iter>
<var name="${x}">2</var>
<kw name="Run Keyword And Ignore Error" library="BuiltIn">
<var>${condition_prosseguir_button}</var>
<arg>Wait until element is visible</arg>
<arg>${LGPD.btnProsseguir}</arg>
<arg>20s</arg>
<doc>Runs the given keyword with the given arguments and ignores possible error.</doc>
<kw name="Wait Until Element Is Visible" library="SeleniumLibrary">
<arg>${LGPD.btnProsseguir}</arg>
<arg>20s</arg>
<doc>Waits until the element ``locator`` is visible.</doc>
<msg timestamp="20220506 11:06:14.430" level="FAIL">Resolving variable '${LGPD.btnProsseguir}' failed: Variable '${LGPD}' not found.</msg>
<status status="FAIL" starttime="20220506 11:06:14.427" endtime="20220506 11:06:14.430"/>
</kw>
<msg timestamp="20220506 11:06:14.430" level="INFO">${condition_prosseguir_button} = ('FAIL', "Resolving variable '${LGPD.btnProsseguir}' failed: Variable '${LGPD}' not found.")</msg>
<status status="PASS" starttime="20220506 11:06:14.427" endtime="20220506 11:06:14.430"/>
</kw>
<kw name="Run Keyword If" library="BuiltIn">
<arg>'${condition_prosseguir_button[0]}' == 'PASS'</arg>
<arg>Run Keywords</arg>
<arg>Click element</arg>
<arg>${LGPD.btnProsseguir}</arg>
<arg>AND</arg>
<arg>EXIT FOR LOOP</arg>
<arg>ELSE</arg>
<arg>Go To</arg>
<arg>${url}</arg>
<doc>Runs the given keyword with the given arguments, if ``condition`` is true.</doc>
<kw name="Go To" library="SeleniumLibrary">
<arg>${url}</arg>
<doc>Navigates the current browser window to the provided ``url``.</doc>
<msg timestamp="20220506 11:06:14.431" level="INFO">Opening url 'https://globoplay.globo.com/'</msg>
<status status="PASS" starttime="20220506 11:06:14.431" endtime="20220506 11:06:16.226"/>
</kw>
<status status="PASS" starttime="20220506 11:06:14.430" endtime="20220506 11:06:16.227"/>
</kw>
<status status="PASS" starttime="20220506 11:06:14.427" endtime="20220506 11:06:16.227"/>
</iter>
<status status="PASS" starttime="20220506 11:06:14.427" endtime="20220506 11:06:16.227"/>
</for>
<kw name="Wait Until Element Is Visible" library="SeleniumLibrary">
<arg>${homePage.pagina}</arg>
<arg>20s</arg>
<doc>Waits until the element ``locator`` is visible.</doc>
<status status="PASS" starttime="20220506 11:06:16.227" endtime="20220506 11:06:17.544"/>
</kw>
<status status="PASS" starttime="20220506 11:06:00.567" endtime="20220506 11:06:17.545"/>
</kw>
<kw name="Dado que sou um usuário anônimo" library="BDDptbr" sourcename="Dado ${keyword}">
<kw name="Run Keyword" library="BuiltIn">
<arg>${keyword}</arg>
<doc>Executes the given keyword with the given arguments.</doc>
<kw name="que sou um usuário anônimo" library="keywords">
<kw name="Log" library="BuiltIn">
<arg>Verifica acesso Globoplay</arg>
<doc>Logs the given message with the given level.</doc>
<msg timestamp="20220506 11:06:17.551" level="INFO">Verifica acesso Globoplay</msg>
<status status="PASS" starttime="20220506 11:06:17.549" endtime="20220506 11:06:17.551"/>
</kw>
<kw name="Wait Until Element Is Visible" library="SeleniumLibrary">
<arg>${homePage.pagina}</arg>
<doc>Waits until the element ``locator`` is visible.</doc>
<status status="PASS" starttime="20220506 11:06:17.551" endtime="20220506 11:06:19.013"/>
</kw>
<status status="PASS" starttime="20220506 11:06:17.547" endtime="20220506 11:06:19.014"/>
</kw>
<status status="PASS" starttime="20220506 11:06:17.546" endtime="20220506 11:06:19.014"/>
</kw>
<status status="PASS" starttime="20220506 11:06:17.546" endtime="20220506 11:06:19.014"/>
</kw>
<kw name="E que estou na home" library="BDDptbr" sourcename="E ${keyword}">
<kw name="Run Keyword" library="BuiltIn">
<arg>${keyword}</arg>
<doc>Executes the given keyword with the given arguments.</doc>
<kw name="que estou na home" library="keywords">
<kw name="Log To Console" library="BuiltIn">
<arg>Verifica página home</arg>
<doc>Logs the given message to the console.</doc>
<status status="PASS" starttime="20220506 11:06:19.021" endtime="20220506 11:06:19.023"/>
</kw>
<kw name="Run Keyword If" library="BuiltIn">
<arg>'${url}' == 'https://globoplay.globo.com/'</arg>
<arg>Log To Console</arg>
<arg>Redirecionado para a página de Home</arg>
<arg>ELSE</arg>
<arg>Log To Console</arg>
<arg>&lt;Não redirecinado para a página de Home&gt; RETORNA URL: '${url}'</arg>
<doc>Runs the given keyword with the given arguments, if ``condition`` is true.</doc>
<kw name="Log To Console" library="BuiltIn">
<arg>Redirecionado para a página de Home</arg>
<doc>Logs the given message to the console.</doc>
<status status="PASS" starttime="20220506 11:06:19.026" endtime="20220506 11:06:19.026"/>
</kw>
<status status="PASS" starttime="20220506 11:06:19.024" endtime="20220506 11:06:19.027"/>
</kw>
<kw name="Wait Until Element Is Visible" library="SeleniumLibrary">
<arg>${homePage.pagina}</arg>
<arg>50s</arg>
<doc>Waits until the element ``locator`` is visible.</doc>
<status status="PASS" starttime="20220506 11:06:19.027" endtime="20220506 11:06:19.324"/>
</kw>
<status status="PASS" starttime="20220506 11:06:19.016" endtime="20220506 11:06:19.324"/>
</kw>
<status status="PASS" starttime="20220506 11:06:19.015" endtime="20220506 11:06:19.324"/>
</kw>
<status status="PASS" starttime="20220506 11:06:19.014" endtime="20220506 11:06:19.324"/>
</kw>
<kw name="Então seleciona o menu &quot;Agora na TV&quot;" library="BDDptbr" sourcename="Então ${keyword}">
<kw name="Run Keyword" library="BuiltIn">
<arg>${keyword}</arg>
<doc>Executes the given keyword with the given arguments.</doc>
<kw name="seleciona o menu &quot;Agora na TV&quot;" library="keywords">
<kw name="Log To Console" library="BuiltIn">
<arg>Seleciona botão do menu "Agora na TV"</arg>
<doc>Logs the given message to the console.</doc>
<status status="PASS" starttime="20220506 11:06:19.327" endtime="20220506 11:06:19.328"/>
</kw>
<kw name="Run Keyword If" library="BuiltIn">
<arg>'${url_agora_tv}' == 'https://globoplay.globo.com/tv-globo/ao-vivo'</arg>
<arg>Log To Console</arg>
<arg>Redirecionado para a página de Agora na TV</arg>
<arg>ELSE</arg>
<arg>Log To Console</arg>
<arg>&lt;Não redirecinado para a página de Agora na TV&gt; RETORNA URL: '${url_agora_tv}'</arg>
<doc>Runs the given keyword with the given arguments, if ``condition`` is true.</doc>
<kw name="Log To Console" library="BuiltIn">
<arg>Redirecionado para a página de Agora na TV</arg>
<doc>Logs the given message to the console.</doc>
<status status="PASS" starttime="20220506 11:06:19.330" endtime="20220506 11:06:19.332"/>
</kw>
<status status="PASS" starttime="20220506 11:06:19.329" endtime="20220506 11:06:19.332"/>
</kw>
<kw name="Wait Until Element Is Visible" library="SeleniumLibrary">
<arg>${page_agoratv.agora_tv}</arg>
<arg>50s</arg>
<doc>Waits until the element ``locator`` is visible.</doc>
<status status="PASS" starttime="20220506 11:06:19.333" endtime="20220506 11:06:19.360"/>
</kw>
<kw name="Click Element" library="SeleniumLibrary">
<arg>${page_agoratv.agora_tv}</arg>
<doc>Click the element identified by ``locator``.</doc>
<msg timestamp="20220506 11:06:19.361" level="INFO">Clicking element 'xpath://*[@id="app"]/div/div/div[1]/header/nav/a[1]'.</msg>
<status status="PASS" starttime="20220506 11:06:19.360" endtime="20220506 11:06:19.741"/>
</kw>
<kw name="Wait Until Element Is Visible" library="SeleniumLibrary">
<arg>${page_agoratv.btn_assistir}</arg>
<arg>50s</arg>
<doc>Waits until the element ``locator`` is visible.</doc>
<status status="PASS" starttime="20220506 11:06:19.741" endtime="20220506 11:06:20.539"/>
</kw>
<status status="PASS" starttime="20220506 11:06:19.327" endtime="20220506 11:06:20.539"/>
</kw>
<status status="PASS" starttime="20220506 11:06:19.326" endtime="20220506 11:06:20.539"/>
</kw>
<status status="PASS" starttime="20220506 11:06:19.325" endtime="20220506 11:06:20.540"/>
</kw>
<kw name="E clica no sub menu Todos" library="BDDptbr" sourcename="E ${keyword}">
<kw name="Run Keyword" library="BuiltIn">
<arg>${keyword}</arg>
<doc>Executes the given keyword with the given arguments.</doc>
<kw name="clica no sub menu Todos" library="keywords">
<kw name="Log To Console" library="BuiltIn">
<arg>Seleciona sub menu Todos</arg>
<doc>Logs the given message to the console.</doc>
<status status="PASS" starttime="20220506 11:06:20.543" endtime="20220506 11:06:20.543"/>
</kw>
<kw name="Wait Until Element Is Visible" library="SeleniumLibrary">
<arg>${menuTv.todos}</arg>
<arg>20s</arg>
<doc>Waits until the element ``locator`` is visible.</doc>
<status status="PASS" starttime="20220506 11:06:20.543" endtime="20220506 11:06:20.579"/>
</kw>
<kw name="Sleep" library="BuiltIn">
<arg>2s</arg>
<doc>Pauses the test executed for the given time.</doc>
<msg timestamp="20220506 11:06:22.580" level="INFO">Slept 2 seconds</msg>
<status status="PASS" starttime="20220506 11:06:20.580" endtime="20220506 11:06:22.581"/>
</kw>
<kw name="Click Element" library="SeleniumLibrary">
<arg>${menuTv.todos}</arg>
<doc>Click the element identified by ``locator``.</doc>
<msg timestamp="20220506 11:06:22.585" level="INFO">Clicking element 'xpath://*[contains(text(),"Todos")]'.</msg>
<status status="PASS" starttime="20220506 11:06:22.581" endtime="20220506 11:06:22.829"/>
</kw>
<status status="PASS" starttime="20220506 11:06:20.542" endtime="20220506 11:06:22.832"/>
</kw>
<status status="PASS" starttime="20220506 11:06:20.541" endtime="20220506 11:06:22.832"/>
</kw>
<status status="PASS" starttime="20220506 11:06:20.540" endtime="20220506 11:06:22.832"/>
</kw>
<kw name="Então seleciona os canais da playlist" library="BDDptbr" sourcename="Então ${keyword}">
<kw name="Run Keyword" library="BuiltIn">
<arg>${keyword}</arg>
<doc>Executes the given keyword with the given arguments.</doc>
<kw name="seleciona os canais da playlist" library="keywords">
<kw name="Wait Until Element Is Visible" library="SeleniumLibrary">
<arg>${page_agoratv.canais}</arg>
<arg>20s</arg>
<doc>Waits until the element ``locator`` is visible.</doc>
<status status="PASS" starttime="20220506 11:06:22.835" endtime="20220506 11:06:22.860"/>
</kw>
<kw name="Press Keys" library="SeleniumLibrary">
<arg>${page_agoratv.canais}</arg>
<arg>ARROW_DOWN</arg>
<doc>Simulates the user pressing key(s) to an element or on the active browser.</doc>
<msg timestamp="20220506 11:06:22.863" level="INFO">Sending key(s) ('ARROW_DOWN',) to xpath://*[@id="playkit-channels-navigation"]/div[2] element.</msg>
<msg timestamp="20220506 11:06:23.193" level="INFO">Pressing special key ARROW_DOWN to element.</msg>
<msg timestamp="20220506 11:06:23.193" level="INFO">Releasing special key ARROW_DOWN.</msg>
<status status="PASS" starttime="20220506 11:06:22.860" endtime="20220506 11:06:23.241"/>
</kw>
<for flavor="IN RANGE">
<var>${i}</var>
<value>200</value>
<iter>
<var name="${i}">0</var>
<kw name="Run Keyword And Ignore Error" library="BuiltIn">
<var>${resultado}</var>
<arg>Get Text</arg>
<arg>xpath://*[@id="playkit-channels-navigation"]/div[2]/ul/li[${i+1}]/div</arg>
<doc>Runs the given keyword with the given arguments and ignores possible error.</doc>
<kw name="Get Text" library="SeleniumLibrary">
<arg>xpath://*[@id="playkit-channels-navigation"]/div[2]/ul/li[${i+1}]/div</arg>
<doc>Returns the text value of the element identified by ``locator``.</doc>
<status status="PASS" starttime="20220506 11:06:23.241" endtime="20220506 11:06:23.320"/>
</kw>
<msg timestamp="20220506 11:06:23.320" level="INFO">${resultado} = ('PASS', '10:00 - 12:31\nTvz Ao Vivo\nA12\nTVZ TEMPORADA GLORIA GROOVE - KAROL CONKÁ (AO VIVO)\n12:31 - 13:23\nTúnel Do Amor\nA16\nTúnel Do Amor - 1ª Temporada Ep. 7\nProgramação completa')</msg>
<status status="PASS" starttime="20220506 11:06:23.241" endtime="20220506 11:06:23.320"/>
</kw>
<kw name="Run Keyword If" library="BuiltIn">
<arg>'${resultado[0]}' == ('PASS', None)</arg>
<arg>Sleep</arg>
<arg>2s</arg>
<doc>Runs the given keyword with the given arguments, if ``condition`` is true.</doc>
<status status="PASS" starttime="20220506 11:06:23.321" endtime="20220506 11:06:23.322"/>
</kw>
<kw name="Log To Console" library="BuiltIn">
<arg>Canais = '${i}'</arg>
<doc>Logs the given message to the console.</doc>
<status status="PASS" starttime="20220506 11:06:23.322" endtime="20220506 11:06:23.322"/>
</kw>
<kw name="Evaluate" library="BuiltIn">
<var>${x}</var>
<arg>${i} + 1</arg>
<doc>Evaluates the given expression in Python and returns the result.</doc>
<msg timestamp="20220506 11:06:23.323" level="INFO">${x} = 1</msg>
<status status="PASS" starttime="20220506 11:06:23.323" endtime="20220506 11:06:23.323"/>
</kw>
<kw name="Exit For Loop If" library="BuiltIn">
<arg>'${resultado[0]}' == ('FAIL')</arg>
<doc>Stops executing the enclosing for loop if the ``condition`` is true.</doc>
<status status="PASS" starttime="20220506 11:06:23.323" endtime="20220506 11:06:23.326"/>
</kw>
<kw name="Press Keys" library="SeleniumLibrary">
<arg>NONE</arg>
<arg>ARROW_DOWN</arg>
<doc>Simulates the user pressing key(s) to an element or on the active browser.</doc>
<msg timestamp="20220506 11:06:23.326" level="INFO">Sending key(s) ('ARROW_DOWN',) to page.</msg>
<msg timestamp="20220506 11:06:23.326" level="INFO">Pressing special key ARROW_DOWN to browser.</msg>
<msg timestamp="20220506 11:06:23.326" level="INFO">Releasing special key ARROW_DOWN.</msg>
<status status="PASS" starttime="20220506 11:06:23.326" endtime="20220506 11:06:23.332"/>
</kw>
<status status="PASS" starttime="20220506 11:06:23.241" endtime="20220506 11:06:23.332"/>
</iter>
<iter>
<var name="${i}">1</var>
<kw name="Run Keyword And Ignore Error" library="BuiltIn">
<var>${resultado}</var>
<arg>Get Text</arg>
<arg>xpath://*[@id="playkit-channels-navigation"]/div[2]/ul/li[${i+1}]/div</arg>
<doc>Runs the given keyword with the given arguments and ignores possible error.</doc>
<kw name="Get Text" library="SeleniumLibrary">
<arg>xpath://*[@id="playkit-channels-navigation"]/div[2]/ul/li[${i+1}]/div</arg>
<doc>Returns the text value of the element identified by ``locator``.</doc>
<status status="PASS" starttime="20220506 11:06:23.333" endtime="20220506 11:06:23.398"/>
</kw>
<msg timestamp="20220506 11:06:23.398" level="INFO">${resultado} = ('PASS', '09:00 - 12:54AO VIVO\nConexão GloboNews\n12:55 - 15:59\nEstúdio i\nProgramação completa')</msg>
<status status="PASS" starttime="20220506 11:06:23.333" endtime="20220506 11:06:23.398"/>
</kw>
<kw name="Run Keyword If" library="BuiltIn">
<arg>'${resultado[0]}' == ('PASS', None)</arg>
<arg>Sleep</arg>
<arg>2s</arg>
<doc>Runs the given keyword with the given arguments, if ``condition`` is true.</doc>
<status status="PASS" starttime="20220506 11:06:23.398" endtime="20220506 11:06:23.400"/>
</kw>
<kw name="Log To Console" library="BuiltIn">
<arg>Canais = '${i}'</arg>
<doc>Logs the given message to the console.</doc>
<status status="PASS" starttime="20220506 11:06:23.400" endtime="20220506 11:06:23.401"/>
</kw>
<kw name="Evaluate" library="BuiltIn">
<var>${x}</var>
<arg>${i} + 1</arg>
<doc>Evaluates the given expression in Python and returns the result.</doc>
<msg timestamp="20220506 11:06:23.402" level="INFO">${x} = 2</msg>
<status status="PASS" starttime="20220506 11:06:23.402" endtime="20220506 11:06:23.402"/>
</kw>
<kw name="Exit For Loop If" library="BuiltIn">
<arg>'${resultado[0]}' == ('FAIL')</arg>
<doc>Stops executing the enclosing for loop if the ``condition`` is true.</doc>
<status status="PASS" starttime="20220506 11:06:23.403" endtime="20220506 11:06:23.404"/>
</kw>
<kw name="Press Keys" library="SeleniumLibrary">
<arg>NONE</arg>
<arg>ARROW_DOWN</arg>
<doc>Simulates the user pressing key(s) to an element or on the active browser.</doc>
<msg timestamp="20220506 11:06:23.404" level="INFO">Sending key(s) ('ARROW_DOWN',) to page.</msg>
<msg timestamp="20220506 11:06:23.404" level="INFO">Pressing special key ARROW_DOWN to browser.</msg>
<msg timestamp="20220506 11:06:23.404" level="INFO">Releasing special key ARROW_DOWN.</msg>
<status status="PASS" starttime="20220506 11:06:23.404" endtime="20220506 11:06:23.410"/>
</kw>
<status status="PASS" starttime="20220506 11:06:23.332" endtime="20220506 11:06:23.411"/>
</iter>
<iter>
<var name="${i}">2</var>
<kw name="Run Keyword And Ignore Error" library="BuiltIn">
<var>${resultado}</var>
<arg>Get Text</arg>
<arg>xpath://*[@id="playkit-channels-navigation"]/div[2]/ul/li[${i+1}]/div</arg>
<doc>Runs the given keyword with the given arguments and ignores possible error.</doc>
<kw name="Get Text" library="SeleniumLibrary">
<arg>xpath://*[@id="playkit-channels-navigation"]/div[2]/ul/li[${i+1}]/div</arg>
<doc>Returns the text value of the element identified by ``locator``.</doc>
<status status="PASS" starttime="20220506 11:06:23.413" endtime="20220506 11:06:23.474"/>
</kw>
<msg timestamp="20220506 11:06:23.474" level="INFO">${resultado} = ('PASS', '10:02 - 12:26AO VIVO\nRedação SporTV\n12:42 - 13:12\nGiro Da Rodada\nProgramação completa')</msg>
<status status="PASS" starttime="20220506 11:06:23.412" endtime="20220506 11:06:23.474"/>
</kw>
<kw name="Run Keyword If" library="BuiltIn">
<arg>'${resultado[0]}' == ('PASS', None)</arg>
<arg>Sleep</arg>
<arg>2s</arg>
<doc>Runs the given keyword with the given arguments, if ``condition`` is true.</doc>
<status status="PASS" starttime="20220506 11:06:23.474" endtime="20220506 11:06:23.475"/>
</kw>
<kw name="Log To Console" library="BuiltIn">
<arg>Canais = '${i}'</arg>
<doc>Logs the given message to the console.</doc>
<status status="PASS" starttime="20220506 11:06:23.476" endtime="20220506 11:06:23.479"/>
</kw>
<kw name="Evaluate" library="BuiltIn">
<var>${x}</var>
<arg>${i} + 1</arg>
<doc>Evaluates the given expression in Python and returns the result.</doc>
<msg timestamp="20220506 11:06:23.479" level="INFO">${x} = 3</msg>
<status status="PASS" starttime="20220506 11:06:23.479" endtime="20220506 11:06:23.479"/>
</kw>
<kw name="Exit For Loop If" library="BuiltIn">
<arg>'${resultado[0]}' == ('FAIL')</arg>
<doc>Stops executing the enclosing for loop if the ``condition`` is true.</doc>
<status status="PASS" starttime="20220506 11:06:23.479" endtime="20220506 11:06:23.482"/>
</kw>
<kw name="Press Keys" library="SeleniumLibrary">
<arg>NONE</arg>
<arg>ARROW_DOWN</arg>
<doc>Simulates the user pressing key(s) to an element or on the active browser.</doc>
<msg timestamp="20220506 11:06:23.483" level="INFO">Sending key(s) ('ARROW_DOWN',) to page.</msg>
<msg timestamp="20220506 11:06:23.483" level="INFO">Pressing special key ARROW_DOWN to browser.</msg>
<msg timestamp="20220506 11:06:23.483" level="INFO">Releasing special key ARROW_DOWN.</msg>
<status status="PASS" starttime="20220506 11:06:23.482" endtime="20220506 11:06:23.489"/>
</kw>
<status status="PASS" starttime="20220506 11:06:23.412" endtime="20220506 11:06:23.489"/>
</iter>
<iter>
<var name="${i}">3</var>
<kw name="Run Keyword And Ignore Error" library="BuiltIn">
<var>${resultado}</var>
<arg>Get Text</arg>
<arg>xpath://*[@id="playkit-channels-navigation"]/div[2]/ul/li[${i+1}]/div</arg>
<doc>Runs the given keyword with the given arguments and ignores possible error.</doc>
<kw name="Get Text" library="SeleniumLibrary">
<arg>xpath://*[@id="playkit-channels-navigation"]/div[2]/ul/li[${i+1}]/div</arg>
<doc>Returns the text value of the element identified by ``locator``.</doc>
<status status="PASS" starttime="20220506 11:06:23.490" endtime="20220506 11:06:23.564"/>
</kw>
<msg timestamp="20220506 11:06:23.564" level="INFO">${resultado} = ('PASS', '09:48 - 11:43\nSuperliga De Vôlei Masculino\nMinas X Cruzeiro - Final - Jogo 2\n11:43 - 13:47\nSuperliga De Vôlei Feminino\nMinas X Praia Clube - Final - Jogo 2\nProgramação completa')</msg>
<status status="PASS" starttime="20220506 11:06:23.489" endtime="20220506 11:06:23.564"/>
</kw>
<kw name="Run Keyword If" library="BuiltIn">
<arg>'${resultado[0]}' == ('PASS', None)</arg>
<arg>Sleep</arg>
<arg>2s</arg>
<doc>Runs the given keyword with the given arguments, if ``condition`` is true.</doc>
<status status="PASS" starttime="20220506 11:06:23.565" endtime="20220506 11:06:23.566"/>
</kw>
<kw name="Log To Console" library="BuiltIn">
<arg>Canais = '${i}'</arg>
<doc>Logs the given message to the console.</doc>
<status status="PASS" starttime="20220506 11:06:23.566" endtime="20220506 11:06:23.567"/>
</kw>
<kw name="Evaluate" library="BuiltIn">
<var>${x}</var>
<arg>${i} + 1</arg>
<doc>Evaluates the given expression in Python and returns the result.</doc>
<msg timestamp="20220506 11:06:23.567" level="INFO">${x} = 4</msg>
<status status="PASS" starttime="20220506 11:06:23.567" endtime="20220506 11:06:23.567"/>
</kw>
<kw name="Exit For Loop If" library="BuiltIn">
<arg>'${resultado[0]}' == ('FAIL')</arg>
<doc>Stops executing the enclosing for loop if the ``condition`` is true.</doc>
<status status="PASS" starttime="20220506 11:06:23.567" endtime="20220506 11:06:23.570"/>
</kw>
<kw name="Press Keys" library="SeleniumLibrary">
<arg>NONE</arg>
<arg>ARROW_DOWN</arg>
<doc>Simulates the user pressing key(s) to an element or on the active browser.</doc>
<msg timestamp="20220506 11:06:23.570" level="INFO">Sending key(s) ('ARROW_DOWN',) to page.</msg>
<msg timestamp="20220506 11:06:23.570" level="INFO">Pressing special key ARROW_DOWN to browser.</msg>
<msg timestamp="20220506 11:06:23.570" level="INFO">Releasing special key ARROW_DOWN.</msg>
<status status="PASS" starttime="20220506 11:06:23.570" endtime="20220506 11:06:23.576"/>
</kw>
<status status="PASS" starttime="20220506 11:06:23.489" endtime="20220506 11:06:23.576"/>
</iter>
<iter>
<var name="${i}">4</var>
<kw name="Run Keyword And Ignore Error" library="BuiltIn">
<var>${resultado}</var>
<arg>Get Text</arg>
<arg>xpath://*[@id="playkit-channels-navigation"]/div[2]/ul/li[${i+1}]/div</arg>
<doc>Runs the given keyword with the given arguments and ignores possible error.</doc>
<kw name="Get Text" library="SeleniumLibrary">
<arg>xpath://*[@id="playkit-channels-navigation"]/div[2]/ul/li[${i+1}]/div</arg>
<doc>Returns the text value of the element identified by ``locator``.</doc>
<status status="PASS" starttime="20220506 11:06:23.577" endtime="20220506 11:06:23.620"/>
</kw>
<msg timestamp="20220506 11:06:23.620" level="INFO">${resultado} = ('PASS', '09:30 - 11:32\nW Series\nBruna Tomaselli\n11:32 - 12:10\nFaixa Combate\nUFC: Thompson X Pettis - Aconteceu 23/03/2019\nProgramação completa')</msg>
<status status="PASS" starttime="20220506 11:06:23.577" endtime="20220506 11:06:23.620"/>
</kw>
<kw name="Run Keyword If" library="BuiltIn">
<arg>'${resultado[0]}' == ('PASS', None)</arg>
<arg>Sleep</arg>
<arg>2s</arg>
<doc>Runs the given keyword with the given arguments, if ``condition`` is true.</doc>
<status status="PASS" starttime="20220506 11:06:23.620" endtime="20220506 11:06:23.621"/>
</kw>
<kw name="Log To Console" library="BuiltIn">
<arg>Canais = '${i}'</arg>
<doc>Logs the given message to the console.</doc>
<status status="PASS" starttime="20220506 11:06:23.621" endtime="20220506 11:06:23.622"/>
</kw>
<kw name="Evaluate" library="BuiltIn">
<var>${x}</var>
<arg>${i} + 1</arg>
<doc>Evaluates the given expression in Python and returns the result.</doc>
<msg timestamp="20220506 11:06:23.622" level="INFO">${x} = 5</msg>
<status status="PASS" starttime="20220506 11:06:23.622" endtime="20220506 11:06:23.622"/>
</kw>
<kw name="Exit For Loop If" library="BuiltIn">
<arg>'${resultado[0]}' == ('FAIL')</arg>
<doc>Stops executing the enclosing for loop if the ``condition`` is true.</doc>
<status status="PASS" starttime="20220506 11:06:23.622" endtime="20220506 11:06:23.624"/>
</kw>
<kw name="Press Keys" library="SeleniumLibrary">
<arg>NONE</arg>
<arg>ARROW_DOWN</arg>
<doc>Simulates the user pressing key(s) to an element or on the active browser.</doc>
<msg timestamp="20220506 11:06:23.624" level="INFO">Sending key(s) ('ARROW_DOWN',) to page.</msg>
<msg timestamp="20220506 11:06:23.624" level="INFO">Pressing special key ARROW_DOWN to browser.</msg>
<msg timestamp="20220506 11:06:23.624" level="INFO">Releasing special key ARROW_DOWN.</msg>
<status status="PASS" starttime="20220506 11:06:23.624" endtime="20220506 11:06:23.634"/>
</kw>
<status status="PASS" starttime="20220506 11:06:23.576" endtime="20220506 11:06:23.634"/>
</iter>
<iter>
<var name="${i}">5</var>
<kw name="Run Keyword And Ignore Error" library="BuiltIn">
<var>${resultado}</var>
<arg>Get Text</arg>
<arg>xpath://*[@id="playkit-channels-navigation"]/div[2]/ul/li[${i+1}]/div</arg>
<doc>Runs the given keyword with the given arguments and ignores possible error.</doc>
<kw name="Get Text" library="SeleniumLibrary">
<arg>xpath://*[@id="playkit-channels-navigation"]/div[2]/ul/li[${i+1}]/div</arg>
<doc>Returns the text value of the element identified by ``locator``.</doc>
<status status="PASS" starttime="20220506 11:06:23.634" endtime="20220506 11:06:23.683"/>
</kw>
<msg timestamp="20220506 11:06:23.683" level="INFO">${resultado} = ('PASS', '10:38 - 11:33\nQue Marravilha!\nAL\nManiçoba\n11:33 - 12:08\nTempero De Família\nAL\nDona Suzete - Mãe do Rodrigo\nProgramação completa')</msg>
<status status="PASS" starttime="20220506 11:06:23.634" endtime="20220506 11:06:23.683"/>
</kw>
<kw name="Run Keyword If" library="BuiltIn">
<arg>'${resultado[0]}' == ('PASS', None)</arg>
<arg>Sleep</arg>
<arg>2s</arg>
<doc>Runs the given keyword with the given arguments, if ``condition`` is true.</doc>
<status status="PASS" starttime="20220506 11:06:23.683" endtime="20220506 11:06:23.684"/>
</kw>
<kw name="Log To Console" library="BuiltIn">
<arg>Canais = '${i}'</arg>
<doc>Logs the given message to the console.</doc>
<status status="PASS" starttime="20220506 11:06:23.684" endtime="20220506 11:06:23.685"/>
</kw>
<kw name="Evaluate" library="BuiltIn">
<var>${x}</var>
<arg>${i} + 1</arg>
<doc>Evaluates the given expression in Python and returns the result.</doc>
<msg timestamp="20220506 11:06:23.686" level="INFO">${x} = 6</msg>
<status status="PASS" starttime="20220506 11:06:23.686" endtime="20220506 11:06:23.686"/>
</kw>
<kw name="Exit For Loop If" library="BuiltIn">
<arg>'${resultado[0]}' == ('FAIL')</arg>
<doc>Stops executing the enclosing for loop if the ``condition`` is true.</doc>
<status status="PASS" starttime="20220506 11:06:23.686" endtime="20220506 11:06:23.687"/>
</kw>
<kw name="Press Keys" library="SeleniumLibrary">
<arg>NONE</arg>
<arg>ARROW_DOWN</arg>
<doc>Simulates the user pressing key(s) to an element or on the active browser.</doc>
<msg timestamp="20220506 11:06:23.688" level="INFO">Sending key(s) ('ARROW_DOWN',) to page.</msg>
<msg timestamp="20220506 11:06:23.688" level="INFO">Pressing special key ARROW_DOWN to browser.</msg>
<msg timestamp="20220506 11:06:23.688" level="INFO">Releasing special key ARROW_DOWN.</msg>
<status status="PASS" starttime="20220506 11:06:23.687" endtime="20220506 11:06:23.821"/>
</kw>
<status status="PASS" starttime="20220506 11:06:23.634" endtime="20220506 11:06:23.821"/>
</iter>
<iter>
<var name="${i}">6</var>
<kw name="Run Keyword And Ignore Error" library="BuiltIn">
<var>${resultado}</var>
<arg>Get Text</arg>
<arg>xpath://*[@id="playkit-channels-navigation"]/div[2]/ul/li[${i+1}]/div</arg>
<doc>Runs the given keyword with the given arguments and ignores possible error.</doc>
<kw name="Get Text" library="SeleniumLibrary">
<arg>xpath://*[@id="playkit-channels-navigation"]/div[2]/ul/li[${i+1}]/div</arg>
<doc>Returns the text value of the element identified by ``locator``.</doc>
<status status="PASS" starttime="20220506 11:06:23.822" endtime="20220506 11:06:23.901"/>
</kw>
<msg timestamp="20220506 11:06:23.901" level="INFO">${resultado} = ('PASS', '10:58 - 11:48\nSandy E Junior\nL\nShow 4 Estações\n11:48 - 12:18\nMalhação - 1997\n10\nProgramação completa')</msg>
<status status="PASS" starttime="20220506 11:06:23.821" endtime="20220506 11:06:23.901"/>
</kw>
<kw name="Run Keyword If" library="BuiltIn">
<arg>'${resultado[0]}' == ('PASS', None)</arg>
<arg>Sleep</arg>
<arg>2s</arg>
<doc>Runs the given keyword with the given arguments, if ``condition`` is true.</doc>
<status status="PASS" starttime="20220506 11:06:23.901" endtime="20220506 11:06:23.902"/>
</kw>
<kw name="Log To Console" library="BuiltIn">
<arg>Canais = '${i}'</arg>
<doc>Logs the given message to the console.</doc>
<status status="PASS" starttime="20220506 11:06:23.903" endtime="20220506 11:06:23.903"/>
</kw>
<kw name="Evaluate" library="BuiltIn">
<var>${x}</var>
<arg>${i} + 1</arg>
<doc>Evaluates the given expression in Python and returns the result.</doc>
<msg timestamp="20220506 11:06:23.903" level="INFO">${x} = 7</msg>
<status status="PASS" starttime="20220506 11:06:23.903" endtime="20220506 11:06:23.904"/>
</kw>
<kw name="Exit For Loop If" library="BuiltIn">
<arg>'${resultado[0]}' == ('FAIL')</arg>
<doc>Stops executing the enclosing for loop if the ``condition`` is true.</doc>
<status status="PASS" starttime="20220506 11:06:23.904" endtime="20220506 11:06:23.906"/>
</kw>
<kw name="Press Keys" library="SeleniumLibrary">
<arg>NONE</arg>
<arg>ARROW_DOWN</arg>
<doc>Simulates the user pressing key(s) to an element or on the active browser.</doc>
<msg timestamp="20220506 11:06:23.906" level="INFO">Sending key(s) ('ARROW_DOWN',) to page.</msg>
<msg timestamp="20220506 11:06:23.906" level="INFO">Pressing special key ARROW_DOWN to browser.</msg>
<msg timestamp="20220506 11:06:23.907" level="INFO">Releasing special key ARROW_DOWN.</msg>
<status status="PASS" starttime="20220506 11:06:23.906" endtime="20220506 11:06:23.912"/>
</kw>
<status status="PASS" starttime="20220506 11:06:23.821" endtime="20220506 11:06:23.912"/>
</iter>
<iter>
<var name="${i}">7</var>
<kw name="Run Keyword And Ignore Error" library="BuiltIn">
<var>${resultado}</var>
<arg>Get Text</arg>
<arg>xpath://*[@id="playkit-channels-navigation"]/div[2]/ul/li[${i+1}]/div</arg>
<doc>Runs the given keyword with the given arguments and ignores possible error.</doc>
<kw name="Get Text" library="SeleniumLibrary">
<arg>xpath://*[@id="playkit-channels-navigation"]/div[2]/ul/li[${i+1}]/div</arg>
<doc>Returns the text value of the element identified by ``locator``.</doc>
<status status="PASS" starttime="20220506 11:06:23.912" endtime="20220506 11:06:23.959"/>
</kw>
<msg timestamp="20220506 11:06:23.959" level="INFO">${resultado} = ('PASS', '11:02 - 11:27\nD.P.A. - Detetives Do Prédio Azul\nAL\nUm Mundo em Preto e Branco\n11:27 - 11:58\nD.P.A. - Detetives Do Prédio Azul\nAL\nO Estetoscópio\nProgramação completa')</msg>
<status status="PASS" starttime="20220506 11:06:23.912" endtime="20220506 11:06:23.959"/>
</kw>
<kw name="Run Keyword If" library="BuiltIn">
<arg>'${resultado[0]}' == ('PASS', None)</arg>
<arg>Sleep</arg>
<arg>2s</arg>
<doc>Runs the given keyword with the given arguments, if ``condition`` is true.</doc>
<status status="PASS" starttime="20220506 11:06:23.959" endtime="20220506 11:06:23.960"/>
</kw>
<kw name="Log To Console" library="BuiltIn">
<arg>Canais = '${i}'</arg>
<doc>Logs the given message to the console.</doc>
<status status="PASS" starttime="20220506 11:06:23.961" endtime="20220506 11:06:23.961"/>
</kw>
<kw name="Evaluate" library="BuiltIn">
<var>${x}</var>
<arg>${i} + 1</arg>
<doc>Evaluates the given expression in Python and returns the result.</doc>
<msg timestamp="20220506 11:06:23.962" level="INFO">${x} = 8</msg>
<status status="PASS" starttime="20220506 11:06:23.962" endtime="20220506 11:06:23.962"/>
</kw>
<kw name="Exit For Loop If" library="BuiltIn">
<arg>'${resultado[0]}' == ('FAIL')</arg>
<doc>Stops executing the enclosing for loop if the ``condition`` is true.</doc>
<status status="PASS" starttime="20220506 11:06:23.963" endtime="20220506 11:06:23.964"/>
</kw>
<kw name="Press Keys" library="SeleniumLibrary">
<arg>NONE</arg>
<arg>ARROW_DOWN</arg>
<doc>Simulates the user pressing key(s) to an element or on the active browser.</doc>
<msg timestamp="20220506 11:06:23.965" level="INFO">Sending key(s) ('ARROW_DOWN',) to page.</msg>
<msg timestamp="20220506 11:06:23.965" level="INFO">Pressing special key ARROW_DOWN to browser.</msg>
<msg timestamp="20220506 11:06:23.965" level="INFO">Releasing special key ARROW_DOWN.</msg>
<status status="PASS" starttime="20220506 11:06:23.965" endtime="20220506 11:06:23.969"/>
</kw>
<status status="PASS" starttime="20220506 11:06:23.912" endtime="20220506 11:06:23.969"/>
</iter>
<iter>
<var name="${i}">8</var>
<kw name="Run Keyword And Ignore Error" library="BuiltIn">
<var>${resultado}</var>
<arg>Get Text</arg>
<arg>xpath://*[@id="playkit-channels-navigation"]/div[2]/ul/li[${i+1}]/div</arg>
<doc>Runs the given keyword with the given arguments and ignores possible error.</doc>
<kw name="Get Text" library="SeleniumLibrary">
<arg>xpath://*[@id="playkit-channels-navigation"]/div[2]/ul/li[${i+1}]/div</arg>
<doc>Returns the text value of the element identified by ``locator``.</doc>
<status status="PASS" starttime="20220506 11:06:23.969" endtime="20220506 11:06:24.018"/>
</kw>
<msg timestamp="20220506 11:06:24.018" level="INFO">${resultado} = ('PASS', '11:01 - 11:07\nMya Go\nAL\nNadando\n11:07 - 11:12\nMya Go\nAL\nDiga "xis"\nProgramação completa')</msg>
<status status="PASS" starttime="20220506 11:06:23.969" endtime="20220506 11:06:24.018"/>
</kw>
<kw name="Run Keyword If" library="BuiltIn">
<arg>'${resultado[0]}' == ('PASS', None)</arg>
<arg>Sleep</arg>
<arg>2s</arg>
<doc>Runs the given keyword with the given arguments, if ``condition`` is true.</doc>
<status status="PASS" starttime="20220506 11:06:24.018" endtime="20220506 11:06:24.019"/>
</kw>
<kw name="Log To Console" library="BuiltIn">
<arg>Canais = '${i}'</arg>
<doc>Logs the given message to the console.</doc>
<status status="PASS" starttime="20220506 11:06:24.019" endtime="20220506 11:06:24.020"/>
</kw>
<kw name="Evaluate" library="BuiltIn">
<var>${x}</var>
<arg>${i} + 1</arg>
<doc>Evaluates the given expression in Python and returns the result.</doc>
<msg timestamp="20220506 11:06:24.021" level="INFO">${x} = 9</msg>
<status status="PASS" starttime="20220506 11:06:24.020" endtime="20220506 11:06:24.021"/>
</kw>
<kw name="Exit For Loop If" library="BuiltIn">
<arg>'${resultado[0]}' == ('FAIL')</arg>
<doc>Stops executing the enclosing for loop if the ``condition`` is true.</doc>
<status status="PASS" starttime="20220506 11:06:24.021" endtime="20220506 11:06:24.023"/>
</kw>
<kw name="Press Keys" library="SeleniumLibrary">
<arg>NONE</arg>
<arg>ARROW_DOWN</arg>
<doc>Simulates the user pressing key(s) to an element or on the active browser.</doc>
<msg timestamp="20220506 11:06:24.023" level="INFO">Sending key(s) ('ARROW_DOWN',) to page.</msg>
<msg timestamp="20220506 11:06:24.023" level="INFO">Pressing special key ARROW_DOWN to browser.</msg>
<msg timestamp="20220506 11:06:24.023" level="INFO">Releasing special key ARROW_DOWN.</msg>
<status status="PASS" starttime="20220506 11:06:24.023" endtime="20220506 11:06:24.029"/>
</kw>
<status status="PASS" starttime="20220506 11:06:23.969" endtime="20220506 11:06:24.029"/>
</iter>
<iter>
<var name="${i}">9</var>
<kw name="Run Keyword And Ignore Error" library="BuiltIn">
<var>${resultado}</var>
<arg>Get Text</arg>
<arg>xpath://*[@id="playkit-channels-navigation"]/div[2]/ul/li[${i+1}]/div</arg>
<doc>Runs the given keyword with the given arguments and ignores possible error.</doc>
<kw name="Get Text" library="SeleniumLibrary">
<arg>xpath://*[@id="playkit-channels-navigation"]/div[2]/ul/li[${i+1}]/div</arg>
<doc>Returns the text value of the element identified by ``locator``.</doc>
<status status="PASS" starttime="20220506 11:06:24.029" endtime="20220506 11:06:24.080"/>
</kw>
<msg timestamp="20220506 11:06:24.080" level="INFO">${resultado} = ('PASS', '09:20 - 11:26\nMegapix Faixa 09h\n14\n47 Ronins\n11:26 - 13:10\nMegapix Faixa 11h\n14\nHerança De Sangue\nProgramação completa')</msg>
<status status="PASS" starttime="20220506 11:06:24.029" endtime="20220506 11:06:24.080"/>
</kw>
<kw name="Run Keyword If" library="BuiltIn">
<arg>'${resultado[0]}' == ('PASS', None)</arg>
<arg>Sleep</arg>
<arg>2s</arg>
<doc>Runs the given keyword with the given arguments, if ``condition`` is true.</doc>
<status status="PASS" starttime="20220506 11:06:24.081" endtime="20220506 11:06:24.082"/>
</kw>
<kw name="Log To Console" library="BuiltIn">
<arg>Canais = '${i}'</arg>
<doc>Logs the given message to the console.</doc>
<status status="PASS" starttime="20220506 11:06:24.082" endtime="20220506 11:06:24.082"/>
</kw>
<kw name="Evaluate" library="BuiltIn">
<var>${x}</var>
<arg>${i} + 1</arg>
<doc>Evaluates the given expression in Python and returns the result.</doc>
<msg timestamp="20220506 11:06:24.083" level="INFO">${x} = 10</msg>
<status status="PASS" starttime="20220506 11:06:24.082" endtime="20220506 11:06:24.083"/>
</kw>
<kw name="Exit For Loop If" library="BuiltIn">
<arg>'${resultado[0]}' == ('FAIL')</arg>
<doc>Stops executing the enclosing for loop if the ``condition`` is true.</doc>
<status status="PASS" starttime="20220506 11:06:24.083" endtime="20220506 11:06:24.085"/>
</kw>
<kw name="Press Keys" library="SeleniumLibrary">
<arg>NONE</arg>
<arg>ARROW_DOWN</arg>
<doc>Simulates the user pressing key(s) to an element or on the active browser.</doc>
<msg timestamp="20220506 11:06:24.085" level="INFO">Sending key(s) ('ARROW_DOWN',) to page.</msg>
<msg timestamp="20220506 11:06:24.085" level="INFO">Pressing special key ARROW_DOWN to browser.</msg>
<msg timestamp="20220506 11:06:24.085" level="INFO">Releasing special key ARROW_DOWN.</msg>
<status status="PASS" starttime="20220506 11:06:24.085" endtime="20220506 11:06:24.098"/>
</kw>
<status status="PASS" starttime="20220506 11:06:24.029" endtime="20220506 11:06:24.098"/>
</iter>
<iter>
<var name="${i}">10</var>
<kw name="Run Keyword And Ignore Error" library="BuiltIn">
<var>${resultado}</var>
<arg>Get Text</arg>
<arg>xpath://*[@id="playkit-channels-navigation"]/div[2]/ul/li[${i+1}]/div</arg>
<doc>Runs the given keyword with the given arguments and ignores possible error.</doc>
<kw name="Get Text" library="SeleniumLibrary">
<arg>xpath://*[@id="playkit-channels-navigation"]/div[2]/ul/li[${i+1}]/div</arg>
<doc>Returns the text value of the element identified by ``locator``.</doc>
<status status="PASS" starttime="20220506 11:06:24.099" endtime="20220506 11:06:24.151"/>
</kw>
<msg timestamp="20220506 11:06:24.151" level="INFO">${resultado} = ('PASS', '10:40 - 11:34\nChicago Fire\n14\nAperte O Cinto\n11:34 - 12:30\nChicago P.D.\n16\nO Jogo Da Prisão\nProgramação completa')</msg>
<status status="PASS" starttime="20220506 11:06:24.099" endtime="20220506 11:06:24.151"/>
</kw>
<kw name="Run Keyword If" library="BuiltIn">
<arg>'${resultado[0]}' == ('PASS', None)</arg>
<arg>Sleep</arg>
<arg>2s</arg>
<doc>Runs the given keyword with the given arguments, if ``condition`` is true.</doc>
<status status="PASS" starttime="20220506 11:06:24.151" endtime="20220506 11:06:24.152"/>
</kw>
<kw name="Log To Console" library="BuiltIn">
<arg>Canais = '${i}'</arg>
<doc>Logs the given message to the console.</doc>
<status status="PASS" starttime="20220506 11:06:24.152" endtime="20220506 11:06:24.153"/>
</kw>
<kw name="Evaluate" library="BuiltIn">
<var>${x}</var>
<arg>${i} + 1</arg>
<doc>Evaluates the given expression in Python and returns the result.</doc>
<msg timestamp="20220506 11:06:24.154" level="INFO">${x} = 11</msg>
<status status="PASS" starttime="20220506 11:06:24.153" endtime="20220506 11:06:24.154"/>
</kw>
<kw name="Exit For Loop If" library="BuiltIn">
<arg>'${resultado[0]}' == ('FAIL')</arg>
<doc>Stops executing the enclosing for loop if the ``condition`` is true.</doc>
<status status="PASS" starttime="20220506 11:06:24.154" endtime="20220506 11:06:24.156"/>
</kw>
<kw name="Press Keys" library="SeleniumLibrary">
<arg>NONE</arg>
<arg>ARROW_DOWN</arg>
<doc>Simulates the user pressing key(s) to an element or on the active browser.</doc>
<msg timestamp="20220506 11:06:24.156" level="INFO">Sending key(s) ('ARROW_DOWN',) to page.</msg>
<msg timestamp="20220506 11:06:24.156" level="INFO">Pressing special key ARROW_DOWN to browser.</msg>
<msg timestamp="20220506 11:06:24.156" level="INFO">Releasing special key ARROW_DOWN.</msg>
<status status="PASS" starttime="20220506 11:06:24.156" endtime="20220506 11:06:24.166"/>
</kw>
<status status="PASS" starttime="20220506 11:06:24.098" endtime="20220506 11:06:24.166"/>
</iter>
<iter>
<var name="${i}">11</var>
<kw name="Run Keyword And Ignore Error" library="BuiltIn">
<var>${resultado}</var>
<arg>Get Text</arg>
<arg>xpath://*[@id="playkit-channels-navigation"]/div[2]/ul/li[${i+1}]/div</arg>
<doc>Runs the given keyword with the given arguments and ignores possible error.</doc>
<kw name="Get Text" library="SeleniumLibrary">
<arg>xpath://*[@id="playkit-channels-navigation"]/div[2]/ul/li[${i+1}]/div</arg>
<doc>Returns the text value of the element identified by ``locator``.</doc>
<status status="PASS" starttime="20220506 11:06:24.167" endtime="20220506 11:06:24.219"/>
</kw>
<msg timestamp="20220506 11:06:24.219" level="INFO">${resultado} = ('PASS', '11:05 - 12:39\nStudio Originals\nA12\nUm Mistério de Aurora Teagarden: O Jogo do Desaparecimento\n12:40 - 14:14\nStudio Originals\nA12\nUm Mistério de Aurora Teagarden: Jogo de Enganação\nPr...</msg>
<status status="PASS" starttime="20220506 11:06:24.166" endtime="20220506 11:06:24.219"/>
</kw>
<kw name="Run Keyword If" library="BuiltIn">
<arg>'${resultado[0]}' == ('PASS', None)</arg>
<arg>Sleep</arg>
<arg>2s</arg>
<doc>Runs the given keyword with the given arguments, if ``condition`` is true.</doc>
<status status="PASS" starttime="20220506 11:06:24.219" endtime="20220506 11:06:24.220"/>
</kw>
<kw name="Log To Console" library="BuiltIn">
<arg>Canais = '${i}'</arg>
<doc>Logs the given message to the console.</doc>
<status status="PASS" starttime="20220506 11:06:24.220" endtime="20220506 11:06:24.221"/>
</kw>
<kw name="Evaluate" library="BuiltIn">
<var>${x}</var>
<arg>${i} + 1</arg>
<doc>Evaluates the given expression in Python and returns the result.</doc>
<msg timestamp="20220506 11:06:24.221" level="INFO">${x} = 12</msg>
<status status="PASS" starttime="20220506 11:06:24.221" endtime="20220506 11:06:24.221"/>
</kw>
<kw name="Exit For Loop If" library="BuiltIn">
<arg>'${resultado[0]}' == ('FAIL')</arg>
<doc>Stops executing the enclosing for loop if the ``condition`` is true.</doc>
<status status="PASS" starttime="20220506 11:06:24.222" endtime="20220506 11:06:24.223"/>
</kw>
<kw name="Press Keys" library="SeleniumLibrary">
<arg>NONE</arg>
<arg>ARROW_DOWN</arg>
<doc>Simulates the user pressing key(s) to an element or on the active browser.</doc>
<msg timestamp="20220506 11:06:24.224" level="INFO">Sending key(s) ('ARROW_DOWN',) to page.</msg>
<msg timestamp="20220506 11:06:24.224" level="INFO">Pressing special key ARROW_DOWN to browser.</msg>
<msg timestamp="20220506 11:06:24.224" level="INFO">Releasing special key ARROW_DOWN.</msg>
<status status="PASS" starttime="20220506 11:06:24.223" endtime="20220506 11:06:24.228"/>
</kw>
<status status="PASS" starttime="20220506 11:06:24.166" endtime="20220506 11:06:24.228"/>
</iter>
<iter>
<var name="${i}">12</var>
<kw name="Run Keyword And Ignore Error" library="BuiltIn">
<var>${resultado}</var>
<arg>Get Text</arg>
<arg>xpath://*[@id="playkit-channels-navigation"]/div[2]/ul/li[${i+1}]/div</arg>
<doc>Runs the given keyword with the given arguments and ignores possible error.</doc>
<kw name="Get Text" library="SeleniumLibrary">
<arg>xpath://*[@id="playkit-channels-navigation"]/div[2]/ul/li[${i+1}]/div</arg>
<doc>Returns the text value of the element identified by ``locator``.</doc>
<status status="PASS" starttime="20220506 11:06:24.229" endtime="20220506 11:06:24.277"/>
</kw>
<msg timestamp="20220506 11:06:24.277" level="INFO">${resultado} = ('PASS', '10:50 - 11:39\nCharmed\n14\nCharmed a Preto e Branco\n11:40 - 12:29\nCharmed\n14\nAlgo Passa-se Com O Leo\nProgramação completa')</msg>
<status status="PASS" starttime="20220506 11:06:24.229" endtime="20220506 11:06:24.277"/>
</kw>
<kw name="Run Keyword If" library="BuiltIn">
<arg>'${resultado[0]}' == ('PASS', None)</arg>
<arg>Sleep</arg>
<arg>2s</arg>
<doc>Runs the given keyword with the given arguments, if ``condition`` is true.</doc>
<status status="PASS" starttime="20220506 11:06:24.277" endtime="20220506 11:06:24.279"/>
</kw>
<kw name="Log To Console" library="BuiltIn">
<arg>Canais = '${i}'</arg>
<doc>Logs the given message to the console.</doc>
<status status="PASS" starttime="20220506 11:06:24.279" endtime="20220506 11:06:24.280"/>
</kw>
<kw name="Evaluate" library="BuiltIn">
<var>${x}</var>
<arg>${i} + 1</arg>
<doc>Evaluates the given expression in Python and returns the result.</doc>
<msg timestamp="20220506 11:06:24.281" level="INFO">${x} = 13</msg>
<status status="PASS" starttime="20220506 11:06:24.280" endtime="20220506 11:06:24.281"/>
</kw>
<kw name="Exit For Loop If" library="BuiltIn">
<arg>'${resultado[0]}' == ('FAIL')</arg>
<doc>Stops executing the enclosing for loop if the ``condition`` is true.</doc>
<status status="PASS" starttime="20220506 11:06:24.281" endtime="20220506 11:06:24.283"/>
</kw>
<kw name="Press Keys" library="SeleniumLibrary">
<arg>NONE</arg>
<arg>ARROW_DOWN</arg>
<doc>Simulates the user pressing key(s) to an element or on the active browser.</doc>
<msg timestamp="20220506 11:06:24.284" level="INFO">Sending key(s) ('ARROW_DOWN',) to page.</msg>
<msg timestamp="20220506 11:06:24.284" level="INFO">Pressing special key ARROW_DOWN to browser.</msg>
<msg timestamp="20220506 11:06:24.284" level="INFO">Releasing special key ARROW_DOWN.</msg>
<status status="PASS" starttime="20220506 11:06:24.284" endtime="20220506 11:06:24.291"/>
</kw>
<status status="PASS" starttime="20220506 11:06:24.228" endtime="20220506 11:06:24.291"/>
</iter>
<iter>
<var name="${i}">13</var>
<kw name="Run Keyword And Ignore Error" library="BuiltIn">
<var>${resultado}</var>
<arg>Get Text</arg>
<arg>xpath://*[@id="playkit-channels-navigation"]/div[2]/ul/li[${i+1}]/div</arg>
<doc>Runs the given keyword with the given arguments and ignores possible error.</doc>
<kw name="Get Text" library="SeleniumLibrary">
<arg>xpath://*[@id="playkit-channels-navigation"]/div[2]/ul/li[${i+1}]/div</arg>
<doc>Returns the text value of the element identified by ``locator``.</doc>
<status status="PASS" starttime="20220506 11:06:24.292" endtime="20220506 11:06:24.338"/>
</kw>
<msg timestamp="20220506 11:06:24.338" level="INFO">${resultado} = ('PASS', '10:53 - 12:18\nFilme\nA14\nMáscara Da Traição\n12:18 - 13:32\nFilme\n12\nHouve Uma Vez Dois Verões\nProgramação completa')</msg>
<status status="PASS" starttime="20220506 11:06:24.292" endtime="20220506 11:06:24.338"/>
</kw>
<kw name="Run Keyword If" library="BuiltIn">
<arg>'${resultado[0]}' == ('PASS', None)</arg>
<arg>Sleep</arg>
<arg>2s</arg>
<doc>Runs the given keyword with the given arguments, if ``condition`` is true.</doc>
<status status="PASS" starttime="20220506 11:06:24.338" endtime="20220506 11:06:24.339"/>
</kw>
<kw name="Log To Console" library="BuiltIn">
<arg>Canais = '${i}'</arg>
<doc>Logs the given message to the console.</doc>
<status status="PASS" starttime="20220506 11:06:24.340" endtime="20220506 11:06:24.340"/>
</kw>
<kw name="Evaluate" library="BuiltIn">
<var>${x}</var>
<arg>${i} + 1</arg>
<doc>Evaluates the given expression in Python and returns the result.</doc>
<msg timestamp="20220506 11:06:24.341" level="INFO">${x} = 14</msg>
<status status="PASS" starttime="20220506 11:06:24.340" endtime="20220506 11:06:24.341"/>
</kw>
<kw name="Exit For Loop If" library="BuiltIn">
<arg>'${resultado[0]}' == ('FAIL')</arg>
<doc>Stops executing the enclosing for loop if the ``condition`` is true.</doc>
<status status="PASS" starttime="20220506 11:06:24.341" endtime="20220506 11:06:24.343"/>
</kw>
<kw name="Press Keys" library="SeleniumLibrary">
<arg>NONE</arg>
<arg>ARROW_DOWN</arg>
<doc>Simulates the user pressing key(s) to an element or on the active browser.</doc>
<msg timestamp="20220506 11:06:24.343" level="INFO">Sending key(s) ('ARROW_DOWN',) to page.</msg>
<msg timestamp="20220506 11:06:24.344" level="INFO">Pressing special key ARROW_DOWN to browser.</msg>
<msg timestamp="20220506 11:06:24.344" level="INFO">Releasing special key ARROW_DOWN.</msg>
<status status="PASS" starttime="20220506 11:06:24.343" endtime="20220506 11:06:24.348"/>
</kw>
<status status="PASS" starttime="20220506 11:06:24.291" endtime="20220506 11:06:24.348"/>
</iter>
<iter>
<var name="${i}">14</var>
<kw name="Run Keyword And Ignore Error" library="BuiltIn">
<var>${resultado}</var>
<arg>Get Text</arg>
<arg>xpath://*[@id="playkit-channels-navigation"]/div[2]/ul/li[${i+1}]/div</arg>
<doc>Runs the given keyword with the given arguments and ignores possible error.</doc>
<kw name="Get Text" library="SeleniumLibrary">
<arg>xpath://*[@id="playkit-channels-navigation"]/div[2]/ul/li[${i+1}]/div</arg>
<doc>Returns the text value of the element identified by ``locator``.</doc>
<status status="PASS" starttime="20220506 11:06:24.349" endtime="20220506 11:06:24.398"/>
</kw>
<msg timestamp="20220506 11:06:24.398" level="INFO">${resultado} = ('PASS', '10:30 - 11:30\nOff Docs\nA10\nThe Empire Of Winds\n11:30 - 12:00\nVida Do Bob\nAL\nSessão no Rio com a Família Martello\nProgramação completa')</msg>
<status status="PASS" starttime="20220506 11:06:24.349" endtime="20220506 11:06:24.398"/>
</kw>
<kw name="Run Keyword If" library="BuiltIn">
<arg>'${resultado[0]}' == ('PASS', None)</arg>
<arg>Sleep</arg>
<arg>2s</arg>
<doc>Runs the given keyword with the given arguments, if ``condition`` is true.</doc>
<status status="PASS" starttime="20220506 11:06:24.399" endtime="20220506 11:06:24.400"/>
</kw>
<kw name="Log To Console" library="BuiltIn">
<arg>Canais = '${i}'</arg>
<doc>Logs the given message to the console.</doc>
<status status="PASS" starttime="20220506 11:06:24.400" endtime="20220506 11:06:24.401"/>
</kw>
<kw name="Evaluate" library="BuiltIn">
<var>${x}</var>
<arg>${i} + 1</arg>
<doc>Evaluates the given expression in Python and returns the result.</doc>
<msg timestamp="20220506 11:06:24.401" level="INFO">${x} = 15</msg>
<status status="PASS" starttime="20220506 11:06:24.401" endtime="20220506 11:06:24.401"/>
</kw>
<kw name="Exit For Loop If" library="BuiltIn">
<arg>'${resultado[0]}' == ('FAIL')</arg>
<doc>Stops executing the enclosing for loop if the ``condition`` is true.</doc>
<status status="PASS" starttime="20220506 11:06:24.402" endtime="20220506 11:06:24.403"/>
</kw>
<kw name="Press Keys" library="SeleniumLibrary">
<arg>NONE</arg>
<arg>ARROW_DOWN</arg>
<doc>Simulates the user pressing key(s) to an element or on the active browser.</doc>
<msg timestamp="20220506 11:06:24.404" level="INFO">Sending key(s) ('ARROW_DOWN',) to page.</msg>
<msg timestamp="20220506 11:06:24.404" level="INFO">Pressing special key ARROW_DOWN to browser.</msg>
<msg timestamp="20220506 11:06:24.404" level="INFO">Releasing special key ARROW_DOWN.</msg>
<status status="PASS" starttime="20220506 11:06:24.404" endtime="20220506 11:06:24.408"/>
</kw>
<status status="PASS" starttime="20220506 11:06:24.349" endtime="20220506 11:06:24.408"/>
</iter>
<iter>
<var name="${i}">15</var>
<kw name="Run Keyword And Ignore Error" library="BuiltIn">
<var>${resultado}</var>
<arg>Get Text</arg>
<arg>xpath://*[@id="playkit-channels-navigation"]/div[2]/ul/li[${i+1}]/div</arg>
<doc>Runs the given keyword with the given arguments and ignores possible error.</doc>
<kw name="Get Text" library="SeleniumLibrary">
<arg>xpath://*[@id="playkit-channels-navigation"]/div[2]/ul/li[${i+1}]/div</arg>
<doc>Returns the text value of the element identified by ``locator``.</doc>
<status status="PASS" starttime="20220506 11:06:24.409" endtime="20220506 11:06:24.459"/>
</kw>
<msg timestamp="20220506 11:06:24.460" level="INFO">${resultado} = ('PASS', '10:00 - 11:31\nPalco Principal\nA12\nMuse: Simulation Theory\n11:31 - 12:00\nPalco Principal\nAL\nThe National\nProgramação completa')</msg>
<status status="PASS" starttime="20220506 11:06:24.409" endtime="20220506 11:06:24.460"/>
</kw>
<kw name="Run Keyword If" library="BuiltIn">
<arg>'${resultado[0]}' == ('PASS', None)</arg>
<arg>Sleep</arg>
<arg>2s</arg>
<doc>Runs the given keyword with the given arguments, if ``condition`` is true.</doc>
<status status="PASS" starttime="20220506 11:06:24.460" endtime="20220506 11:06:24.461"/>
</kw>
<kw name="Log To Console" library="BuiltIn">
<arg>Canais = '${i}'</arg>
<doc>Logs the given message to the console.</doc>
<status status="PASS" starttime="20220506 11:06:24.461" endtime="20220506 11:06:24.462"/>
</kw>
<kw name="Evaluate" library="BuiltIn">
<var>${x}</var>
<arg>${i} + 1</arg>
<doc>Evaluates the given expression in Python and returns the result.</doc>
<msg timestamp="20220506 11:06:24.463" level="INFO">${x} = 16</msg>
<status status="PASS" starttime="20220506 11:06:24.462" endtime="20220506 11:06:24.463"/>
</kw>
<kw name="Exit For Loop If" library="BuiltIn">
<arg>'${resultado[0]}' == ('FAIL')</arg>
<doc>Stops executing the enclosing for loop if the ``condition`` is true.</doc>
<status status="PASS" starttime="20220506 11:06:24.463" endtime="20220506 11:06:24.465"/>
</kw>
<kw name="Press Keys" library="SeleniumLibrary">
<arg>NONE</arg>
<arg>ARROW_DOWN</arg>
<doc>Simulates the user pressing key(s) to an element or on the active browser.</doc>
<msg timestamp="20220506 11:06:24.466" level="INFO">Sending key(s) ('ARROW_DOWN',) to page.</msg>
<msg timestamp="20220506 11:06:24.466" level="INFO">Pressing special key ARROW_DOWN to browser.</msg>
<msg timestamp="20220506 11:06:24.466" level="INFO">Releasing special key ARROW_DOWN.</msg>
<status status="PASS" starttime="20220506 11:06:24.466" endtime="20220506 11:06:24.471"/>
</kw>
<status status="PASS" starttime="20220506 11:06:24.408" endtime="20220506 11:06:24.472"/>
</iter>
<iter>
<var name="${i}">16</var>
<kw name="Run Keyword And Ignore Error" library="BuiltIn">
<var>${resultado}</var>
<arg>Get Text</arg>
<arg>xpath://*[@id="playkit-channels-navigation"]/div[2]/ul/li[${i+1}]/div</arg>
<doc>Runs the given keyword with the given arguments and ignores possible error.</doc>
<kw name="Get Text" library="SeleniumLibrary">
<arg>xpath://*[@id="playkit-channels-navigation"]/div[2]/ul/li[${i+1}]/div</arg>
<doc>Returns the text value of the element identified by ``locator``.</doc>
<status status="PASS" starttime="20220506 11:06:24.472" endtime="20220506 11:06:24.520"/>
</kw>
<msg timestamp="20220506 11:06:24.520" level="INFO">${resultado} = ('PASS', '11:00 - 11:31\nSem Bagagem\nAL\nÁfrica do Sul - Vinícola\n11:31 - 11:58\nSem Bagagem\nAL\nÁfrica do Sul - Mandela\nProgramação completa')</msg>
<status status="PASS" starttime="20220506 11:06:24.472" endtime="20220506 11:06:24.520"/>
</kw>
<kw name="Run Keyword If" library="BuiltIn">
<arg>'${resultado[0]}' == ('PASS', None)</arg>
<arg>Sleep</arg>
<arg>2s</arg>
<doc>Runs the given keyword with the given arguments, if ``condition`` is true.</doc>
<status status="PASS" starttime="20220506 11:06:24.520" endtime="20220506 11:06:24.521"/>
</kw>
<kw name="Log To Console" library="BuiltIn">
<arg>Canais = '${i}'</arg>
<doc>Logs the given message to the console.</doc>
<status status="PASS" starttime="20220506 11:06:24.521" endtime="20220506 11:06:24.522"/>
</kw>
<kw name="Evaluate" library="BuiltIn">
<var>${x}</var>
<arg>${i} + 1</arg>
<doc>Evaluates the given expression in Python and returns the result.</doc>
<msg timestamp="20220506 11:06:24.523" level="INFO">${x} = 17</msg>
<status status="PASS" starttime="20220506 11:06:24.522" endtime="20220506 11:06:24.523"/>
</kw>
<kw name="Exit For Loop If" library="BuiltIn">
<arg>'${resultado[0]}' == ('FAIL')</arg>
<doc>Stops executing the enclosing for loop if the ``condition`` is true.</doc>
<status status="PASS" starttime="20220506 11:06:24.523" endtime="20220506 11:06:24.525"/>
</kw>
<kw name="Press Keys" library="SeleniumLibrary">
<arg>NONE</arg>
<arg>ARROW_DOWN</arg>
<doc>Simulates the user pressing key(s) to an element or on the active browser.</doc>
<msg timestamp="20220506 11:06:24.528" level="INFO">Sending key(s) ('ARROW_DOWN',) to page.</msg>
<msg timestamp="20220506 11:06:24.529" level="INFO">Pressing special key ARROW_DOWN to browser.</msg>
<msg timestamp="20220506 11:06:24.529" level="INFO">Releasing special key ARROW_DOWN.</msg>
<status status="PASS" starttime="20220506 11:06:24.526" endtime="20220506 11:06:24.536"/>
</kw>
<status status="PASS" starttime="20220506 11:06:24.472" endtime="20220506 11:06:24.536"/>
</iter>
<iter>
<var name="${i}">17</var>
<kw name="Run Keyword And Ignore Error" library="BuiltIn">
<var>${resultado}</var>
<arg>Get Text</arg>
<arg>xpath://*[@id="playkit-channels-navigation"]/div[2]/ul/li[${i+1}]/div</arg>
<doc>Runs the given keyword with the given arguments and ignores possible error.</doc>
<kw name="Get Text" library="SeleniumLibrary">
<arg>xpath://*[@id="playkit-channels-navigation"]/div[2]/ul/li[${i+1}]/div</arg>
<doc>Returns the text value of the element identified by ``locator``.</doc>
<status status="PASS" starttime="20220506 11:06:24.537" endtime="20220506 11:06:24.585"/>
</kw>
<msg timestamp="20220506 11:06:24.585" level="INFO">${resultado} = ('PASS', '11:02 - 11:31\nGuerreiros Da Floresta\nAL\nEpisódio 5\n11:31 - 11:46\nBela Raízes\nAL\nO Poder Dos Óleos Essencias\nProgramação completa')</msg>
<status status="PASS" starttime="20220506 11:06:24.537" endtime="20220506 11:06:24.585"/>
</kw>
<kw name="Run Keyword If" library="BuiltIn">
<arg>'${resultado[0]}' == ('PASS', None)</arg>
<arg>Sleep</arg>
<arg>2s</arg>
<doc>Runs the given keyword with the given arguments, if ``condition`` is true.</doc>
<status status="PASS" starttime="20220506 11:06:24.585" endtime="20220506 11:06:24.587"/>
</kw>
<kw name="Log To Console" library="BuiltIn">
<arg>Canais = '${i}'</arg>
<doc>Logs the given message to the console.</doc>
<status status="PASS" starttime="20220506 11:06:24.587" endtime="20220506 11:06:24.588"/>
</kw>
<kw name="Evaluate" library="BuiltIn">
<var>${x}</var>
<arg>${i} + 1</arg>
<doc>Evaluates the given expression in Python and returns the result.</doc>
<msg timestamp="20220506 11:06:24.588" level="INFO">${x} = 18</msg>
<status status="PASS" starttime="20220506 11:06:24.588" endtime="20220506 11:06:24.589"/>
</kw>
<kw name="Exit For Loop If" library="BuiltIn">
<arg>'${resultado[0]}' == ('FAIL')</arg>
<doc>Stops executing the enclosing for loop if the ``condition`` is true.</doc>
<status status="PASS" starttime="20220506 11:06:24.589" endtime="20220506 11:06:24.591"/>
</kw>
<kw name="Press Keys" library="SeleniumLibrary">
<arg>NONE</arg>
<arg>ARROW_DOWN</arg>
<doc>Simulates the user pressing key(s) to an element or on the active browser.</doc>
<msg timestamp="20220506 11:06:24.592" level="INFO">Sending key(s) ('ARROW_DOWN',) to page.</msg>
<msg timestamp="20220506 11:06:24.592" level="INFO">Pressing special key ARROW_DOWN to browser.</msg>
<msg timestamp="20220506 11:06:24.592" level="INFO">Releasing special key ARROW_DOWN.</msg>
<status status="PASS" starttime="20220506 11:06:24.592" endtime="20220506 11:06:24.597"/>
</kw>
<status status="PASS" starttime="20220506 11:06:24.536" endtime="20220506 11:06:24.597"/>
</iter>
<iter>
<var name="${i}">18</var>
<kw name="Run Keyword And Ignore Error" library="BuiltIn">
<var>${resultado}</var>
<arg>Get Text</arg>
<arg>xpath://*[@id="playkit-channels-navigation"]/div[2]/ul/li[${i+1}]/div</arg>
<doc>Runs the given keyword with the given arguments and ignores possible error.</doc>
<kw name="Get Text" library="SeleniumLibrary">
<arg>xpath://*[@id="playkit-channels-navigation"]/div[2]/ul/li[${i+1}]/div</arg>
<doc>Returns the text value of the element identified by ``locator``.</doc>
<status status="PASS" starttime="20220506 11:06:24.597" endtime="20220506 11:06:24.645"/>
</kw>
<msg timestamp="20220506 11:06:24.645" level="INFO">${resultado} = ('PASS', '10:55 - 12:55\nPremium Faixa 10h\nA12\nMais Que Especiais\n12:55 - 14:55\nPremium Faixa 12h\n12\nEu Só Posso Imaginar\nProgramação completa')</msg>
<status status="PASS" starttime="20220506 11:06:24.597" endtime="20220506 11:06:24.645"/>
</kw>
<kw name="Run Keyword If" library="BuiltIn">
<arg>'${resultado[0]}' == ('PASS', None)</arg>
<arg>Sleep</arg>
<arg>2s</arg>
<doc>Runs the given keyword with the given arguments, if ``condition`` is true.</doc>
<status status="PASS" starttime="20220506 11:06:24.645" endtime="20220506 11:06:24.646"/>
</kw>
<kw name="Log To Console" library="BuiltIn">
<arg>Canais = '${i}'</arg>
<doc>Logs the given message to the console.</doc>
<status status="PASS" starttime="20220506 11:06:24.647" endtime="20220506 11:06:24.647"/>
</kw>
<kw name="Evaluate" library="BuiltIn">
<var>${x}</var>
<arg>${i} + 1</arg>
<doc>Evaluates the given expression in Python and returns the result.</doc>
<msg timestamp="20220506 11:06:24.648" level="INFO">${x} = 19</msg>
<status status="PASS" starttime="20220506 11:06:24.648" endtime="20220506 11:06:24.648"/>
</kw>
<kw name="Exit For Loop If" library="BuiltIn">
<arg>'${resultado[0]}' == ('FAIL')</arg>
<doc>Stops executing the enclosing for loop if the ``condition`` is true.</doc>
<status status="PASS" starttime="20220506 11:06:24.649" endtime="20220506 11:06:24.651"/>
</kw>
<kw name="Press Keys" library="SeleniumLibrary">
<arg>NONE</arg>
<arg>ARROW_DOWN</arg>
<doc>Simulates the user pressing key(s) to an element or on the active browser.</doc>
<msg timestamp="20220506 11:06:24.652" level="INFO">Sending key(s) ('ARROW_DOWN',) to page.</msg>
<msg timestamp="20220506 11:06:24.652" level="INFO">Pressing special key ARROW_DOWN to browser.</msg>
<msg timestamp="20220506 11:06:24.652" level="INFO">Releasing special key ARROW_DOWN.</msg>
<status status="PASS" starttime="20220506 11:06:24.651" endtime="20220506 11:06:24.656"/>
</kw>
<status status="PASS" starttime="20220506 11:06:24.597" endtime="20220506 11:06:24.656"/>
</iter>
<iter>
<var name="${i}">19</var>
<kw name="Run Keyword And Ignore Error" library="BuiltIn">
<var>${resultado}</var>
<arg>Get Text</arg>
<arg>xpath://*[@id="playkit-channels-navigation"]/div[2]/ul/li[${i+1}]/div</arg>
<doc>Runs the given keyword with the given arguments and ignores possible error.</doc>
<kw name="Get Text" library="SeleniumLibrary">
<arg>xpath://*[@id="playkit-channels-navigation"]/div[2]/ul/li[${i+1}]/div</arg>
<doc>Returns the text value of the element identified by ``locator``.</doc>
<status status="PASS" starttime="20220506 11:06:24.657" endtime="20220506 11:06:24.706"/>
</kw>
<msg timestamp="20220506 11:06:24.706" level="INFO">${resultado} = ('PASS', '10:00 - 11:55\nAction Faixa 10h\n14\nQuebra De Conduta\n11:55 - 13:40\nAction Faixa 12h\n14\nFuga Implacável\nProgramação completa')</msg>
<status status="PASS" starttime="20220506 11:06:24.656" endtime="20220506 11:06:24.706"/>
</kw>
<kw name="Run Keyword If" library="BuiltIn">
<arg>'${resultado[0]}' == ('PASS', None)</arg>
<arg>Sleep</arg>
<arg>2s</arg>
<doc>Runs the given keyword with the given arguments, if ``condition`` is true.</doc>
<status status="PASS" starttime="20220506 11:06:24.707" endtime="20220506 11:06:24.708"/>
</kw>
<kw name="Log To Console" library="BuiltIn">
<arg>Canais = '${i}'</arg>
<doc>Logs the given message to the console.</doc>
<status status="PASS" starttime="20220506 11:06:24.708" endtime="20220506 11:06:24.708"/>
</kw>
<kw name="Evaluate" library="BuiltIn">
<var>${x}</var>
<arg>${i} + 1</arg>
<doc>Evaluates the given expression in Python and returns the result.</doc>
<msg timestamp="20220506 11:06:24.709" level="INFO">${x} = 20</msg>
<status status="PASS" starttime="20220506 11:06:24.709" endtime="20220506 11:06:24.709"/>
</kw>
<kw name="Exit For Loop If" library="BuiltIn">
<arg>'${resultado[0]}' == ('FAIL')</arg>
<doc>Stops executing the enclosing for loop if the ``condition`` is true.</doc>
<status status="PASS" starttime="20220506 11:06:24.709" endtime="20220506 11:06:24.711"/>
</kw>
<kw name="Press Keys" library="SeleniumLibrary">
<arg>NONE</arg>
<arg>ARROW_DOWN</arg>
<doc>Simulates the user pressing key(s) to an element or on the active browser.</doc>
<msg timestamp="20220506 11:06:24.711" level="INFO">Sending key(s) ('ARROW_DOWN',) to page.</msg>
<msg timestamp="20220506 11:06:24.711" level="INFO">Pressing special key ARROW_DOWN to browser.</msg>
<msg timestamp="20220506 11:06:24.711" level="INFO">Releasing special key ARROW_DOWN.</msg>
<status status="PASS" starttime="20220506 11:06:24.711" endtime="20220506 11:06:24.716"/>
</kw>
<status status="PASS" starttime="20220506 11:06:24.656" endtime="20220506 11:06:24.716"/>
</iter>
<iter>
<var name="${i}">20</var>
<kw name="Run Keyword And Ignore Error" library="BuiltIn">
<var>${resultado}</var>
<arg>Get Text</arg>
<arg>xpath://*[@id="playkit-channels-navigation"]/div[2]/ul/li[${i+1}]/div</arg>
<doc>Runs the given keyword with the given arguments and ignores possible error.</doc>
<kw name="Get Text" library="SeleniumLibrary">
<arg>xpath://*[@id="playkit-channels-navigation"]/div[2]/ul/li[${i+1}]/div</arg>
<doc>Returns the text value of the element identified by ``locator``.</doc>
<status status="PASS" starttime="20220506 11:06:24.717" endtime="20220506 11:06:24.793"/>
</kw>
<msg timestamp="20220506 11:06:24.793" level="INFO">${resultado} = ('PASS', '10:35 - 12:15\nTouch Faixa 10h\n10\nGuiados Pelo Coração\n12:15 - 14:10\nTouch Faixa 12h\n10\nTalvez Uma História De Amor\nProgramação completa')</msg>
<status status="PASS" starttime="20220506 11:06:24.717" endtime="20220506 11:06:24.793"/>
</kw>
<kw name="Run Keyword If" library="BuiltIn">
<arg>'${resultado[0]}' == ('PASS', None)</arg>
<arg>Sleep</arg>
<arg>2s</arg>
<doc>Runs the given keyword with the given arguments, if ``condition`` is true.</doc>
<status status="PASS" starttime="20220506 11:06:24.794" endtime="20220506 11:06:24.795"/>
</kw>
<kw name="Log To Console" library="BuiltIn">
<arg>Canais = '${i}'</arg>
<doc>Logs the given message to the console.</doc>
<status status="PASS" starttime="20220506 11:06:24.796" endtime="20220506 11:06:24.796"/>
</kw>
<kw name="Evaluate" library="BuiltIn">
<var>${x}</var>
<arg>${i} + 1</arg>
<doc>Evaluates the given expression in Python and returns the result.</doc>
<msg timestamp="20220506 11:06:24.797" level="INFO">${x} = 21</msg>
<status status="PASS" starttime="20220506 11:06:24.796" endtime="20220506 11:06:24.797"/>
</kw>
<kw name="Exit For Loop If" library="BuiltIn">
<arg>'${resultado[0]}' == ('FAIL')</arg>
[...]
</kw>
<kw name="Remove Files" library="OperatingSystem">
<arg>${EXECDIR}/selenium-screenshot*</arg>
<doc>Uses `Remove File` to remove multiple files one-by-one.</doc>
<msg timestamp="20220506 11:09:08.775" level="INFO" html="true">File '&lt;a href="file://C:\Users\ACT\Documents\Globo - WEB\selenium-screenshot*"&gt;C:\Users\ACT\Documents\Globo - WEB\selenium-screenshot*&lt;/a&gt;' does not exist.</msg>
<status status="PASS" starttime="20220506 11:09:08.774" endtime="20220506 11:09:08.775"/>
</kw>
<kw name="Close Browser" library="SeleniumLibrary">
<doc>Closes the current browser.</doc>
<status status="PASS" starttime="20220506 11:09:08.775" endtime="20220506 11:09:09.516"/>
</kw>
<status status="PASS" starttime="20220506 11:09:08.552" endtime="20220506 11:09:09.516"/>
</kw>
<status status="FAIL" starttime="20220506 11:08:41.700" endtime="20220506 11:09:09.517">ElementClickInterceptedException: Message: Element &lt;button class="playkit-channels-navigation__category"&gt; is not clickable at point (91,550) because another element &lt;span class="cookie-banner-lgpd_text"&gt; obscures it
</status>
</test>
<test id="s1-t9" name="Acessar conteúdo aovivo Jornalismo com usuário anônimo">
<kw name="Before Scenario" library="environment" type="SETUP">
<kw name="Open Browser" library="SeleniumLibrary">
<arg>${url}</arg>
<arg>firefox</arg>
<arg>options=${browserOptions_firefox}</arg>
<doc>Opens a new browser instance to the optional ``url``.</doc>
<msg timestamp="20220506 11:09:09.519" level="INFO">Opening browser 'firefox' to base url 'https://globoplay.globo.com/'.</msg>
<msg timestamp="20220506 11:09:09.521" level="INFO">Firefox driver log is always forced to to: C:\Users\ACT\Documents\Globo - WEB\geckodriver-9.log</msg>
<status status="PASS" starttime="20220506 11:09:09.519" endtime="20220506 11:09:28.571"/>
</kw>
<kw name="Maximize Browser Window" library="SeleniumLibrary">
<doc>Maximizes current browser window.</doc>
<status status="PASS" starttime="20220506 11:09:28.572" endtime="20220506 11:09:28.576"/>
</kw>
<for flavor="IN">
<var>${x}</var>
<value>2</value>
<iter>
<var name="${x}">2</var>
<kw name="Run Keyword And Ignore Error" library="BuiltIn">
<var>${condition_prosseguir_button}</var>
<arg>Wait until element is visible</arg>
<arg>${LGPD.btnProsseguir}</arg>
<arg>20s</arg>
<doc>Runs the given keyword with the given arguments and ignores possible error.</doc>
<kw name="Wait Until Element Is Visible" library="SeleniumLibrary">
<arg>${LGPD.btnProsseguir}</arg>
<arg>20s</arg>
<doc>Waits until the element ``locator`` is visible.</doc>
<msg timestamp="20220506 11:09:28.579" level="FAIL">Resolving variable '${LGPD.btnProsseguir}' failed: Variable '${LGPD}' not found.</msg>
<status status="FAIL" starttime="20220506 11:09:28.577" endtime="20220506 11:09:28.579"/>
</kw>
<msg timestamp="20220506 11:09:28.579" level="INFO">${condition_prosseguir_button} = ('FAIL', "Resolving variable '${LGPD.btnProsseguir}' failed: Variable '${LGPD}' not found.")</msg>
<status status="PASS" starttime="20220506 11:09:28.577" endtime="20220506 11:09:28.579"/>
</kw>
<kw name="Run Keyword If" library="BuiltIn">
<arg>'${condition_prosseguir_button[0]}' == 'PASS'</arg>
<arg>Run Keywords</arg>
<arg>Click element</arg>
<arg>${LGPD.btnProsseguir}</arg>
<arg>AND</arg>
<arg>EXIT FOR LOOP</arg>
<arg>ELSE</arg>
<arg>Go To</arg>
<arg>${url}</arg>
<doc>Runs the given keyword with the given arguments, if ``condition`` is true.</doc>
<kw name="Go To" library="SeleniumLibrary">
<arg>${url}</arg>
<doc>Navigates the current browser window to the provided ``url``.</doc>
<msg timestamp="20220506 11:09:28.582" level="INFO">Opening url 'https://globoplay.globo.com/'</msg>
<status status="PASS" starttime="20220506 11:09:28.582" endtime="20220506 11:09:32.710"/>
</kw>
<status status="PASS" starttime="20220506 11:09:28.580" endtime="20220506 11:09:32.710"/>
</kw>
<status status="PASS" starttime="20220506 11:09:28.576" endtime="20220506 11:09:32.710"/>
</iter>
<status status="PASS" starttime="20220506 11:09:28.576" endtime="20220506 11:09:32.710"/>
</for>
<kw name="Wait Until Element Is Visible" library="SeleniumLibrary">
<arg>${homePage.pagina}</arg>
<arg>20s</arg>
<doc>Waits until the element ``locator`` is visible.</doc>
<status status="PASS" starttime="20220506 11:09:32.710" endtime="20220506 11:09:32.761"/>
</kw>
<status status="PASS" starttime="20220506 11:09:09.519" endtime="20220506 11:09:32.761"/>
</kw>
<kw name="Dado que sou um usuário anônimo" library="BDDptbr" sourcename="Dado ${keyword}">
<kw name="Run Keyword" library="BuiltIn">
<arg>${keyword}</arg>
<doc>Executes the given keyword with the given arguments.</doc>
<kw name="que sou um usuário anônimo" library="keywords">
<kw name="Log" library="BuiltIn">
<arg>Verifica acesso Globoplay</arg>
<doc>Logs the given message with the given level.</doc>
<msg timestamp="20220506 11:09:32.763" level="INFO">Verifica acesso Globoplay</msg>
<status status="PASS" starttime="20220506 11:09:32.763" endtime="20220506 11:09:32.763"/>
</kw>
<kw name="Wait Until Element Is Visible" library="SeleniumLibrary">
<arg>${homePage.pagina}</arg>
<doc>Waits until the element ``locator`` is visible.</doc>
<status status="PASS" starttime="20220506 11:09:32.763" endtime="20220506 11:09:32.802"/>
</kw>
<status status="PASS" starttime="20220506 11:09:32.762" endtime="20220506 11:09:32.802"/>
</kw>
<status status="PASS" starttime="20220506 11:09:32.762" endtime="20220506 11:09:32.802"/>
</kw>
<status status="PASS" starttime="20220506 11:09:32.761" endtime="20220506 11:09:32.802"/>
</kw>
<kw name="E que estou na home" library="BDDptbr" sourcename="E ${keyword}">
<kw name="Run Keyword" library="BuiltIn">
<arg>${keyword}</arg>
<doc>Executes the given keyword with the given arguments.</doc>
<kw name="que estou na home" library="keywords">
<kw name="Log To Console" library="BuiltIn">
<arg>Verifica página home</arg>
<doc>Logs the given message to the console.</doc>
<status status="PASS" starttime="20220506 11:09:32.805" endtime="20220506 11:09:32.806"/>
</kw>
<kw name="Run Keyword If" library="BuiltIn">
<arg>'${url}' == 'https://globoplay.globo.com/'</arg>
<arg>Log To Console</arg>
<arg>Redirecionado para a página de Home</arg>
<arg>ELSE</arg>
<arg>Log To Console</arg>
<arg>&lt;Não redirecinado para a página de Home&gt; RETORNA URL: '${url}'</arg>
<doc>Runs the given keyword with the given arguments, if ``condition`` is true.</doc>
<kw name="Log To Console" library="BuiltIn">
<arg>Redirecionado para a página de Home</arg>
<doc>Logs the given message to the console.</doc>
<status status="PASS" starttime="20220506 11:09:32.807" endtime="20220506 11:09:32.809"/>
</kw>
<status status="PASS" starttime="20220506 11:09:32.806" endtime="20220506 11:09:32.809"/>
</kw>
<kw name="Wait Until Element Is Visible" library="SeleniumLibrary">
<arg>${homePage.pagina}</arg>
<arg>50s</arg>
<doc>Waits until the element ``locator`` is visible.</doc>
<status status="PASS" starttime="20220506 11:09:32.810" endtime="20220506 11:09:32.880"/>
</kw>
<status status="PASS" starttime="20220506 11:09:32.804" endtime="20220506 11:09:32.881"/>
</kw>
<status status="PASS" starttime="20220506 11:09:32.804" endtime="20220506 11:09:32.881"/>
</kw>
<status status="PASS" starttime="20220506 11:09:32.803" endtime="20220506 11:09:32.881"/>
</kw>
<kw name="Quando clicar no menu &quot;Agora na TV&quot;" library="BDDptbr" sourcename="Quando ${keyword}">
<kw name="Run Keyword" library="BuiltIn">
<arg>${keyword}</arg>
<doc>Executes the given keyword with the given arguments.</doc>
<kw name="clicar no menu &quot;Agora na TV&quot;">
<msg timestamp="20220506 11:09:32.893" level="FAIL">No keyword with name 'clicar no menu "Agora na TV"' found.</msg>
<status status="FAIL" starttime="20220506 11:09:32.893" endtime="20220506 11:09:32.894"/>
</kw>
<status status="FAIL" starttime="20220506 11:09:32.882" endtime="20220506 11:09:32.894"/>
</kw>
<status status="FAIL" starttime="20220506 11:09:32.882" endtime="20220506 11:09:32.895"/>
</kw>
<kw name="E clicar no sub menu jornalismo" library="BDDptbr" sourcename="E ${keyword}">
<status status="NOT RUN" starttime="20220506 11:09:32.895" endtime="20220506 11:09:32.896"/>
</kw>
<kw name="E clicar no aovivo jornalismo" library="BDDptbr" sourcename="E ${keyword}">
<status status="NOT RUN" starttime="20220506 11:09:32.896" endtime="20220506 11:09:32.896"/>
</kw>
<kw name="Então vejo o tapume com a mensagem Aproveite" library="BDDptbr" sourcename="Então ${keyword}">
<status status="NOT RUN" starttime="20220506 11:09:32.897" endtime="20220506 11:09:32.897"/>
</kw>
<kw name="After Scenario" library="environment" type="TEARDOWN">
<kw name="Set Screenshot Directory" library="SeleniumLibrary">
<arg>${path_screenshots}/${SUITE NAME}</arg>
<doc>Sets the directory for captured screenshots.</doc>
<status status="PASS" starttime="20220506 11:09:32.898" endtime="20220506 11:09:32.898"/>
</kw>
<kw name="Capture Page Screenshot" library="SeleniumLibrary">
<doc>Takes a screenshot of the current page and embeds it into a log file.</doc>
<msg timestamp="20220506 11:09:33.199" level="INFO" html="true">&lt;/td&gt;&lt;/tr&gt;&lt;tr&gt;&lt;td colspan="3"&gt;&lt;a href="screenshots/AgoraNaTv/selenium-screenshot-9.png"&gt;&lt;img src="screenshots/AgoraNaTv/selenium-screenshot-9.png" width="800px"&gt;&lt;/a&gt;</msg>
<status status="PASS" starttime="20220506 11:09:32.899" endtime="20220506 11:09:33.200"/>
</kw>
<kw name="Remove Files" library="OperatingSystem">
<arg>${EXECDIR}/selenium-screenshot*</arg>
<doc>Uses `Remove File` to remove multiple files one-by-one.</doc>
<msg timestamp="20220506 11:09:33.201" level="INFO" html="true">File '&lt;a href="file://C:\Users\ACT\Documents\Globo - WEB\selenium-screenshot*"&gt;C:\Users\ACT\Documents\Globo - WEB\selenium-screenshot*&lt;/a&gt;' does not exist.</msg>
<status status="PASS" starttime="20220506 11:09:33.200" endtime="20220506 11:09:33.201"/>
</kw>
<kw name="Close Browser" library="SeleniumLibrary">
<doc>Closes the current browser.</doc>
<status status="PASS" starttime="20220506 11:09:33.201" endtime="20220506 11:09:34.144"/>
</kw>
<status status="PASS" starttime="20220506 11:09:32.898" endtime="20220506 11:09:34.145"/>
</kw>
<status status="FAIL" starttime="20220506 11:09:09.518" endtime="20220506 11:09:34.145">No keyword with name 'clicar no menu "Agora na TV"' found.</status>
</test>
<test id="s1-t10" name="Acessar conteúdo aovivo Infantil com usuário anônimo">
<kw name="Before Scenario" library="environment" type="SETUP">
<kw name="Open Browser" library="SeleniumLibrary">
<arg>${url}</arg>
<arg>firefox</arg>
<arg>options=${browserOptions_firefox}</arg>
<doc>Opens a new browser instance to the optional ``url``.</doc>
<msg timestamp="20220506 11:09:34.147" level="INFO">Opening browser 'firefox' to base url 'https://globoplay.globo.com/'.</msg>
<msg timestamp="20220506 11:09:34.149" level="INFO">Firefox driver log is always forced to to: C:\Users\ACT\Documents\Globo - WEB\geckodriver-1.log</msg>
<status status="PASS" starttime="20220506 11:09:34.147" endtime="20220506 11:09:52.107"/>
</kw>
<kw name="Maximize Browser Window" library="SeleniumLibrary">
<doc>Maximizes current browser window.</doc>
<status status="PASS" starttime="20220506 11:09:52.107" endtime="20220506 11:09:52.110"/>
</kw>
<for flavor="IN">
<var>${x}</var>
<value>2</value>
<iter>
<var name="${x}">2</var>
<kw name="Run Keyword And Ignore Error" library="BuiltIn">
<var>${condition_prosseguir_button}</var>
<arg>Wait until element is visible</arg>
<arg>${LGPD.btnProsseguir}</arg>
<arg>20s</arg>
<doc>Runs the given keyword with the given arguments and ignores possible error.</doc>
<kw name="Wait Until Element Is Visible" library="SeleniumLibrary">
<arg>${LGPD.btnProsseguir}</arg>
<arg>20s</arg>
<doc>Waits until the element ``locator`` is visible.</doc>
<msg timestamp="20220506 11:09:52.113" level="FAIL">Resolving variable '${LGPD.btnProsseguir}' failed: Variable '${LGPD}' not found.</msg>
<status status="FAIL" starttime="20220506 11:09:52.111" endtime="20220506 11:09:52.113"/>
</kw>
<msg timestamp="20220506 11:09:52.113" level="INFO">${condition_prosseguir_button} = ('FAIL', "Resolving variable '${LGPD.btnProsseguir}' failed: Variable '${LGPD}' not found.")</msg>
<status status="PASS" starttime="20220506 11:09:52.110" endtime="20220506 11:09:52.113"/>
</kw>
<kw name="Run Keyword If" library="BuiltIn">
<arg>'${condition_prosseguir_button[0]}' == 'PASS'</arg>
<arg>Run Keywords</arg>
<arg>Click element</arg>
<arg>${LGPD.btnProsseguir}</arg>
<arg>AND</arg>
<arg>EXIT FOR LOOP</arg>
<arg>ELSE</arg>
<arg>Go To</arg>
<arg>${url}</arg>
<doc>Runs the given keyword with the given arguments, if ``condition`` is true.</doc>
<kw name="Go To" library="SeleniumLibrary">
<arg>${url}</arg>
<doc>Navigates the current browser window to the provided ``url``.</doc>
<msg timestamp="20220506 11:09:52.114" level="INFO">Opening url 'https://globoplay.globo.com/'</msg>
<status status="PASS" starttime="20220506 11:09:52.114" endtime="20220506 11:09:57.157"/>
</kw>
<status status="PASS" starttime="20220506 11:09:52.113" endtime="20220506 11:09:57.158"/>
</kw>
<status status="PASS" starttime="20220506 11:09:52.110" endtime="20220506 11:09:57.158"/>
</iter>
<status status="PASS" starttime="20220506 11:09:52.110" endtime="20220506 11:09:57.158"/>
</for>
<kw name="Wait Until Element Is Visible" library="SeleniumLibrary">
<arg>${homePage.pagina}</arg>
<arg>20s</arg>
<doc>Waits until the element ``locator`` is visible.</doc>
<status status="PASS" starttime="20220506 11:09:57.158" endtime="20220506 11:09:57.190"/>
</kw>
<status status="PASS" starttime="20220506 11:09:34.146" endtime="20220506 11:09:57.190"/>
</kw>
<kw name="Dado que sou um usuário anônimo" library="BDDptbr" sourcename="Dado ${keyword}">
<kw name="Run Keyword" library="BuiltIn">
<arg>${keyword}</arg>
<doc>Executes the given keyword with the given arguments.</doc>
<kw name="que sou um usuário anônimo" library="keywords">
<kw name="Log" library="BuiltIn">
<arg>Verifica acesso Globoplay</arg>
<doc>Logs the given message with the given level.</doc>
<msg timestamp="20220506 11:09:57.192" level="INFO">Verifica acesso Globoplay</msg>
<status status="PASS" starttime="20220506 11:09:57.192" endtime="20220506 11:09:57.192"/>
</kw>
<kw name="Wait Until Element Is Visible" library="SeleniumLibrary">
<arg>${homePage.pagina}</arg>
<doc>Waits until the element ``locator`` is visible.</doc>
<status status="PASS" starttime="20220506 11:09:57.192" endtime="20220506 11:09:57.211"/>
</kw>
<status status="PASS" starttime="20220506 11:09:57.192" endtime="20220506 11:09:57.211"/>
</kw>
<status status="PASS" starttime="20220506 11:09:57.191" endtime="20220506 11:09:57.211"/>
</kw>
<status status="PASS" starttime="20220506 11:09:57.191" endtime="20220506 11:09:57.211"/>
</kw>
<kw name="E que estou na home" library="BDDptbr" sourcename="E ${keyword}">
<kw name="Run Keyword" library="BuiltIn">
<arg>${keyword}</arg>
<doc>Executes the given keyword with the given arguments.</doc>
<kw name="que estou na home" library="keywords">
<kw name="Log To Console" library="BuiltIn">
<arg>Verifica página home</arg>
<doc>Logs the given message to the console.</doc>
<status status="PASS" starttime="20220506 11:09:57.213" endtime="20220506 11:09:57.214"/>
</kw>
<kw name="Run Keyword If" library="BuiltIn">
<arg>'${url}' == 'https://globoplay.globo.com/'</arg>
<arg>Log To Console</arg>
<arg>Redirecionado para a página de Home</arg>
<arg>ELSE</arg>
<arg>Log To Console</arg>
<arg>&lt;Não redirecinado para a página de Home&gt; RETORNA URL: '${url}'</arg>
<doc>Runs the given keyword with the given arguments, if ``condition`` is true.</doc>
<kw name="Log To Console" library="BuiltIn">
<arg>Redirecionado para a página de Home</arg>
<doc>Logs the given message to the console.</doc>
<status status="PASS" starttime="20220506 11:09:57.214" endtime="20220506 11:09:57.215"/>
</kw>
<status status="PASS" starttime="20220506 11:09:57.214" endtime="20220506 11:09:57.215"/>
</kw>
<kw name="Wait Until Element Is Visible" library="SeleniumLibrary">
<arg>${homePage.pagina}</arg>
<arg>50s</arg>
<doc>Waits until the element ``locator`` is visible.</doc>
<status status="PASS" starttime="20220506 11:09:57.215" endtime="20220506 11:09:57.238"/>
</kw>
<status status="PASS" starttime="20220506 11:09:57.213" endtime="20220506 11:09:57.238"/>
</kw>
<status status="PASS" starttime="20220506 11:09:57.213" endtime="20220506 11:09:57.238"/>
</kw>
<status status="PASS" starttime="20220506 11:09:57.211" endtime="20220506 11:09:57.238"/>
</kw>
<kw name="Quando clicar no menu &quot;Agora na TV&quot;" library="BDDptbr" sourcename="Quando ${keyword}">
<kw name="Run Keyword" library="BuiltIn">
<arg>${keyword}</arg>
<doc>Executes the given keyword with the given arguments.</doc>
<kw name="clicar no menu &quot;Agora na TV&quot;">
<msg timestamp="20220506 11:09:57.250" level="FAIL">No keyword with name 'clicar no menu "Agora na TV"' found.</msg>
<status status="FAIL" starttime="20220506 11:09:57.250" endtime="20220506 11:09:57.250"/>
</kw>
<status status="FAIL" starttime="20220506 11:09:57.239" endtime="20220506 11:09:57.250"/>
</kw>
<status status="FAIL" starttime="20220506 11:09:57.239" endtime="20220506 11:09:57.252"/>
</kw>
<kw name="E clicar no sub menu infantil" library="BDDptbr" sourcename="E ${keyword}">
<status status="NOT RUN" starttime="20220506 11:09:57.254" endtime="20220506 11:09:57.255"/>
</kw>
<kw name="E clicar no aovivo gloob" library="BDDptbr" sourcename="E ${keyword}">
<status status="NOT RUN" starttime="20220506 11:09:57.256" endtime="20220506 11:09:57.256"/>
</kw>
<kw name="Então vejo o tapume com a mensagem Conteúdo exclusivo" library="BDDptbr" sourcename="Então ${keyword}">
<status status="NOT RUN" starttime="20220506 11:09:57.256" endtime="20220506 11:09:57.257"/>
</kw>
<kw name="After Scenario" library="environment" type="TEARDOWN">
<kw name="Set Screenshot Directory" library="SeleniumLibrary">
<arg>${path_screenshots}/${SUITE NAME}</arg>
<doc>Sets the directory for captured screenshots.</doc>
<status status="PASS" starttime="20220506 11:09:57.258" endtime="20220506 11:09:57.258"/>
</kw>
<kw name="Capture Page Screenshot" library="SeleniumLibrary">
<doc>Takes a screenshot of the current page and embeds it into a log file.</doc>
<msg timestamp="20220506 11:09:57.435" level="INFO" html="true">&lt;/td&gt;&lt;/tr&gt;&lt;tr&gt;&lt;td colspan="3"&gt;&lt;a href="screenshots/AgoraNaTv/selenium-screenshot-10.png"&gt;&lt;img src="screenshots/AgoraNaTv/selenium-screenshot-10.png" width="800px"&gt;&lt;/a&gt;</msg>
<status status="PASS" starttime="20220506 11:09:57.258" endtime="20220506 11:09:57.436"/>
</kw>
<kw name="Remove Files" library="OperatingSystem">
<arg>${EXECDIR}/selenium-screenshot*</arg>
<doc>Uses `Remove File` to remove multiple files one-by-one.</doc>
<msg timestamp="20220506 11:09:57.437" level="INFO" html="true">File '&lt;a href="file://C:\Users\ACT\Documents\Globo - WEB\selenium-screenshot*"&gt;C:\Users\ACT\Documents\Globo - WEB\selenium-screenshot*&lt;/a&gt;' does not exist.</msg>
<status status="PASS" starttime="20220506 11:09:57.436" endtime="20220506 11:09:57.437"/>
</kw>
<kw name="Close Browser" library="SeleniumLibrary">
<doc>Closes the current browser.</doc>
<status status="PASS" starttime="20220506 11:09:57.437" endtime="20220506 11:09:58.353"/>
</kw>
<status status="PASS" starttime="20220506 11:09:57.257" endtime="20220506 11:09:58.353"/>
</kw>
<status status="FAIL" starttime="20220506 11:09:34.146" endtime="20220506 11:09:58.353">No keyword with name 'clicar no menu "Agora na TV"' found.</status>
</test>
<doc>Acesso ao submenu Canais</doc>
<status status="FAIL" starttime="20220506 11:05:32.808" endtime="20220506 11:09:58.356"/>
</suite>
<statistics>
<total>
<stat pass="7" fail="3" skip="0">All Tests</stat>
</total>
<tag>
</tag>
<suite>
<stat pass="7" fail="3" skip="0" id="s1" name="AgoraNaTv">AgoraNaTv</stat>
</suite>
</statistics>
<errors>
</errors>
</robot>
