<?xml version="1.0" encoding="UTF-8"?>
<robot generator="Robot 4.1.3 (Python 3.9.7 on win32)" generated="20220606 15:19:20.848" rpa="false" schemaversion="2">
<suite id="s1" name="Robot Interactive Console" source="c:\Users\ACT\.vscode\extensions\robocorp.robotframework-lsp-0.47.2\src\robotframework_ls\vendored\robotframework_interactive\robot_interactive_console.robot">
<test id="s1-t1" name="Default Task/Test">
<kw name="Interpreter Main Loop" library="MainLoop">
<kw name="Dado que sou um usuário anônimo">
<msg timestamp="20220606 15:19:21.669" level="FAIL">No keyword with name 'Dado que sou um usuário anônimo' found.</msg>
<status status="FAIL" starttime="20220606 15:19:21.669" endtime="20220606 15:19:21.669"/>
</kw>
<kw name="E que estou na home">
<status status="NOT RUN" starttime="20220606 15:19:21.671" endtime="20220606 15:19:21.671"/>
</kw>
<kw name="Então o trilho de Assista Ao Vivo deve exibir">
<status status="NOT RUN" starttime="20220606 15:19:21.672" endtime="20220606 15:19:21.672"/>
</kw>
<kw name="E realiza o trilho da grid de Assista Ao Vivo">
<status status="NOT RUN" starttime="20220606 15:19:21.673" endtime="20220606 15:19:21.673"/>
</kw>
<status status="PASS" starttime="20220606 15:19:20.872" endtime="20220606 15:19:26.288"/>
</kw>
<status status="PASS" starttime="20220606 15:19:20.871" endtime="20220606 15:19:26.288"/>
</test>
<status status="PASS" starttime="20220606 15:19:20.850" endtime="20220606 15:19:26.289"/>
</suite>
<statistics>
<total>
<stat pass="1" fail="0" skip="0">All Tests</stat>
</total>
<tag>
</tag>
<suite>
<stat pass="1" fail="0" skip="0" id="s1" name="Robot Interactive Console">Robot Interactive Console</stat>
</suite>
</statistics>
<errors>
</errors>
</robot>
