<?xml version="1.0" encoding="UTF-8"?>
<robot generator="Robot 4.1.3 (Python 3.9.7 on win32)" generated="20220412 14:48:59.647" rpa="false" schemaversion="2">
<suite id="s1" name="Robot Interactive Console" source="c:\Users\ACT\.vscode\extensions\robocorp.robotframework-lsp-0.44.0\src\robotframework_ls\vendored\robotframework_interactive\robot_interactive_console.robot">
<test id="s1-t1" name="Default Task/Test">
<kw name="Interpreter Main Loop" library="MainLoop">
<kw name="Dado que sou um usuário anônimo">
<msg timestamp="20220412 14:49:00.791" level="FAIL">No keyword with name 'Dado que sou um usuário anônimo' found.</msg>
<status status="FAIL" starttime="20220412 14:49:00.791" endtime="20220412 14:49:00.791"/>
</kw>
<kw name="E que estou na home">
<status status="NOT RUN" starttime="20220412 14:49:00.797" endtime="20220412 14:49:00.797"/>
</kw>
<kw name="Então o trilho de Canais Ao Vivo deve exibir">
<status status="NOT RUN" starttime="20220412 14:49:00.799" endtime="20220412 14:49:00.799"/>
</kw>
<kw name="E realiza o trilho da grid de Canais Ao Vivo">
<status status="NOT RUN" starttime="20220412 14:49:00.801" endtime="20220412 14:49:00.801"/>
</kw>
<status status="PASS" starttime="20220412 14:48:59.673" endtime="20220412 14:49:46.368"/>
</kw>
<status status="PASS" starttime="20220412 14:48:59.672" endtime="20220412 14:49:46.368"/>
</test>
<status status="PASS" starttime="20220412 14:48:59.649" endtime="20220412 14:49:46.370"/>
</suite>
<statistics>
<total>
<stat pass="1" fail="0" skip="0">All Tests</stat>
</total>
<tag>
</tag>
<suite>
<stat pass="1" fail="0" skip="0" id="s1" name="Robot Interactive Console">Robot Interactive Console</stat>
</suite>
</statistics>
<errors>
</errors>
</robot>
